This file contains any messages produced by compilers while
running configure, to aid debugging if configure makes a mistake.

It was created by configure, which was
generated by GNU Autoconf 2.59.  Invocation command line was

  $ /home/legal/gcc_mips/src/binutils-2.19.1/binutils/configure --cache-file=./config.cache --with-gnu-as --with-gnu-ld --with-stabs --prefix=/home/legal/gcc_mips/gnu_toolchain-1.5.4-Linux-i686 --program-transform-name=s,^,mips-elf-, --build=i686-pc-linux-gnu --host=i686-pc-linux-gnu --target=mips-elf --srcdir=../../binutils

## --------- ##
## Platform. ##
## --------- ##

hostname = ubuntu
uname -m = i686
uname -r = 2.6.32-50-generic
uname -s = Linux
uname -v = #112-Ubuntu SMP Tue Jul 9 20:29:14 UTC 2013

/usr/bin/uname -p = unknown
/bin/uname -X     = unknown

/bin/arch              = unknown
/usr/bin/arch -k       = unknown
/usr/convex/getsysinfo = unknown
hostinfo               = unknown
/bin/machine           = unknown
/usr/bin/oslevel       = unknown
/bin/universe          = unknown

PATH: /usr/local/sbin
PATH: /usr/local/bin
PATH: /usr/sbin
PATH: /usr/bin
PATH: /sbin
PATH: /bin
PATH: /usr/games
PATH: /usr/synopsys/Z-2007.03-SP5/bin
PATH: /opt/intel/cc/10.1.018/bin
PATH: /opt/gcc_mips/bin
PATH: /opt/Xilinx/13.1/ISE_DS/ISE/bin/lin
PATH: /usr/synopsys/D-2010.03-SP4/bin
PATH: /opt/gaisler/tsim-eval/tsim/linux
PATH: /opt/ecos/ecostools/linux
PATH: /home/legal/gnu_mips/tools/mips-elf/bin
PATH: /home/legal/gnu_mips/tools/mips-elf/bin


## ----------- ##
## Core tests. ##
## ----------- ##

configure:1390: loading cache ./config.cache
configure:1525: checking build system type
configure:1543: result: i686-pc-linux-gnu
configure:1551: checking host system type
configure:1565: result: i686-pc-linux-gnu
configure:1573: checking target system type
configure:1587: result: mips-unknown-elf
configure:1609: checking for i686-pc-linux-gnu-gcc
configure:1635: result: gcc
configure:1919: checking for C compiler version
configure:1922: gcc --version </dev/null >&5
gcc (Ubuntu 4.4.3-4ubuntu5.1) 4.4.3
Copyright (C) 2009 Free Software Foundation, Inc.
This is free software; see the source for copying conditions.  There is NO
warranty; not even for MERCHANTABILITY or FITNESS FOR A PARTICULAR PURPOSE.

configure:1925: $? = 0
configure:1927: gcc -v </dev/null >&5
Using built-in specs.
Target: i486-linux-gnu
Configured with: ../src/configure -v --with-pkgversion='Ubuntu 4.4.3-4ubuntu5.1' --with-bugurl=file:///usr/share/doc/gcc-4.4/README.Bugs --enable-languages=c,c++,fortran,objc,obj-c++ --prefix=/usr --enable-shared --enable-multiarch --enable-linker-build-id --with-system-zlib --libexecdir=/usr/lib --without-included-gettext --enable-threads=posix --with-gxx-include-dir=/usr/include/c++/4.4 --program-suffix=-4.4 --enable-nls --enable-clocale=gnu --enable-libstdcxx-debug --enable-plugin --enable-objc-gc --enable-targets=all --disable-werror --with-arch-32=i486 --with-tune=generic --enable-checking=release --build=i486-linux-gnu --host=i486-linux-gnu --target=i486-linux-gnu
Thread model: posix
gcc version 4.4.3 (Ubuntu 4.4.3-4ubuntu5.1) 
configure:1930: $? = 0
configure:1932: gcc -V </dev/null >&5
gcc: '-V' option must have argument
configure:1935: $? = 1
configure:1958: checking for C compiler default output file name
configure:1961: gcc -g -O2   conftest.c  >&5
configure:1964: $? = 0
configure:2012: result: a.out
configure:2017: checking whether the C compiler works
configure:2023: ./a.out
configure:2026: $? = 0
configure:2045: result: yes
configure:2052: checking whether we are cross compiling
configure:2054: result: no
configure:2057: checking for suffix of executables
configure:2059: gcc -o conftest -g -O2   conftest.c  >&5
configure:2062: $? = 0
configure:2089: result: 
configure:2095: checking for suffix of object files
configure:2143: result: o
configure:2147: checking whether we are using the GNU C compiler
configure:2203: result: yes
configure:2209: checking whether gcc accepts -g
configure:2260: result: yes
configure:2277: checking for gcc option to accept ANSI C
configure:2384: result: none needed
configure:2402: gcc -c -g -O2  conftest.c >&5
conftest.c:2: error: expected '=', ',', ';', 'asm' or '__attribute__' before 'me'
configure:2408: $? = 1
configure: failed program was:
| #ifndef __cplusplus
|   choke me
| #endif
configure:2542: checking for library containing strerror
configure:2661: result: none required
configure:2685: checking for a BSD-compatible install
configure:2751: result: /usr/bin/install -c
configure:2762: checking whether build environment is sane
configure:2805: result: yes
configure:2870: checking for gawk
configure:2896: result: gawk
configure:2906: checking whether make sets $(MAKE)
configure:2926: result: yes
configure:2956: checking for style of include used by make
configure:2984: result: GNU
configure:3160: checking dependency style of gcc
configure:3250: result: gcc3
configure:3277: checking for i686-pc-linux-gnu-gcc
configure:3303: result: gcc
configure:3587: checking for C compiler version
configure:3590: gcc --version </dev/null >&5
gcc (Ubuntu 4.4.3-4ubuntu5.1) 4.4.3
Copyright (C) 2009 Free Software Foundation, Inc.
This is free software; see the source for copying conditions.  There is NO
warranty; not even for MERCHANTABILITY or FITNESS FOR A PARTICULAR PURPOSE.

configure:3593: $? = 0
configure:3595: gcc -v </dev/null >&5
Using built-in specs.
Target: i486-linux-gnu
Configured with: ../src/configure -v --with-pkgversion='Ubuntu 4.4.3-4ubuntu5.1' --with-bugurl=file:///usr/share/doc/gcc-4.4/README.Bugs --enable-languages=c,c++,fortran,objc,obj-c++ --prefix=/usr --enable-shared --enable-multiarch --enable-linker-build-id --with-system-zlib --libexecdir=/usr/lib --without-included-gettext --enable-threads=posix --with-gxx-include-dir=/usr/include/c++/4.4 --program-suffix=-4.4 --enable-nls --enable-clocale=gnu --enable-libstdcxx-debug --enable-plugin --enable-objc-gc --enable-targets=all --disable-werror --with-arch-32=i486 --with-tune=generic --enable-checking=release --build=i486-linux-gnu --host=i486-linux-gnu --target=i486-linux-gnu
Thread model: posix
gcc version 4.4.3 (Ubuntu 4.4.3-4ubuntu5.1) 
configure:3598: $? = 0
configure:3600: gcc -V </dev/null >&5
gcc: '-V' option must have argument
configure:3603: $? = 1
configure:3606: checking whether we are using the GNU C compiler
configure:3662: result: yes
configure:3668: checking whether gcc accepts -g
configure:3719: result: yes
configure:3736: checking for gcc option to accept ANSI C
configure:3843: result: none needed
configure:3861: gcc -c -g -O2  conftest.c >&5
conftest.c:2: error: expected '=', ',', ';', 'asm' or '__attribute__' before 'me'
configure:3867: $? = 1
configure: failed program was:
| #ifndef __cplusplus
|   choke me
| #endif
configure:4011: checking how to run the C preprocessor
configure:4129: result: gcc -E
configure:4153: gcc -E  conftest.c
configure:4159: $? = 0
configure:4191: gcc -E  conftest.c
conftest.c:12:28: error: ac_nonexistent.h: No such file or directory
configure:4197: $? = 1
configure: failed program was:
| /* confdefs.h.  */
| 
| #define PACKAGE_NAME ""
| #define PACKAGE_TARNAME ""
| #define PACKAGE_VERSION ""
| #define PACKAGE_STRING ""
| #define PACKAGE_BUGREPORT ""
| #define PACKAGE "binutils"
| #define VERSION "2.19.1"
| #define _GNU_SOURCE 1
| /* end confdefs.h.  */
| #include <ac_nonexistent.h>
configure:4243: checking for egrep
configure:4253: result: grep -E
configure:4258: checking for ANSI C header files
configure:4414: result: yes
configure:4438: checking for sys/types.h
configure:4484: result: yes
configure:4438: checking for sys/stat.h
configure:4484: result: yes
configure:4438: checking for stdlib.h
configure:4484: result: yes
configure:4438: checking for string.h
configure:4484: result: yes
configure:4438: checking for memory.h
configure:4484: result: yes
configure:4438: checking for strings.h
configure:4484: result: yes
configure:4438: checking for inttypes.h
configure:4484: result: yes
configure:4438: checking for stdint.h
configure:4484: result: yes
configure:4438: checking for unistd.h
configure:4484: result: yes
configure:4498: checking for minix/config.h
configure:4503: result: no
configure:4661: checking whether it is safe to define __EXTENSIONS__
configure:4714: result: yes
configure:4874: checking for a sed that does not truncate output
configure:4930: result: /bin/sed
configure:4946: checking for fgrep
configure:4956: result: grep -F
configure:4991: checking for ld used by gcc
configure:5058: result: ld
configure:5067: checking if the linker (ld) is GNU ld
configure:5082: result: yes
configure:5095: checking for BSD- or MS-compatible name lister (nm)
configure:5144: result: nm
configure:5249: checking the name lister (nm) interface
configure:5269: result: BSD nm
configure:5272: checking whether ln -s works
configure:5276: result: yes
configure:5284: checking the maximum length of command line arguments
configure:5404: result: 805306365
configure:5422: checking whether the shell understands some XSI constructs
configure:5430: result: yes
configure:5434: checking whether the shell understands "+="
configure:5440: result: yes
configure:5475: checking for ld option to reload object files
configure:5482: result: -r
configure:5509: checking how to recognize dependent libraries
configure:5699: result: pass_all
configure:5719: checking for i686-pc-linux-gnu-ar
configure:5745: result: ar
configure:5812: checking for i686-pc-linux-gnu-strip
configure:5841: result: no
configure:5850: checking for strip
configure:5877: result: strip
configure:5899: checking for i686-pc-linux-gnu-ranlib
configure:5925: result: ranlib
configure:6044: checking command to parse nm output from gcc object
configure:6266: result: ok
configure:6507: checking for dlfcn.h
configure:6553: result: yes
configure:6615: checking for objdir
configure:6630: result: .libs
configure:6926: checking if gcc supports -fno-rtti -fno-exceptions
configure:6961: result: no
configure:6981: checking for gcc option to produce PIC
configure:7236: result: -fPIC -DPIC
configure:7248: checking if gcc PIC flag -fPIC -DPIC works
configure:7266: gcc -c -g -O2  -fPIC -DPIC -DPIC conftest.c >&5
configure:7270: $? = 0
configure:7283: result: yes
configure:7307: checking if gcc static flag -static works
configure:7335: result: yes
configure:7350: checking if gcc supports -c -o file.o
configure:7397: result: yes
configure:7405: checking if gcc supports -c -o file.o
configure:7452: result: yes
configure:7485: checking whether the gcc linker (ld) supports shared libraries
configure:8565: result: yes
configure:8602: checking whether -lc should be explicitly linked in
configure:8607: gcc -c -g -O2  conftest.c >&5
configure:8610: $? = 0
configure:8625: gcc -shared conftest.o  -v -Wl,-soname -Wl,conftest -o conftest 2\>\&1 \| grep  -lc  \>/dev/null 2\>\&1
configure:8628: $? = 0
configure:8640: result: no
configure:8804: checking dynamic linker characteristics
configure:9237: gcc -o conftest -g -O2   -Wl,-rpath -Wl,/foo conftest.c  >&5
configure:9243: $? = 0
configure:9247: test -z 
			 || test ! -s conftest.err
configure:9250: $? = 0
configure:9253: test -s conftest
configure:9256: $? = 0
configure:9480: result: GNU/Linux ld.so
configure:9575: checking how to hardcode library paths into programs
configure:9600: result: immediate
configure:10446: checking whether stripping libraries is possible
configure:10451: result: yes
configure:10486: checking if libtool supports shared libraries
configure:10488: result: yes
configure:10491: checking whether to build shared libraries
configure:10512: result: yes
configure:10515: checking whether to build static libraries
configure:10519: result: yes
configure:10659: checking for bison
configure:10685: result: /home/legal/gcc_mips/src/binutils-2.19.1/missing bison -y
configure:10700: checking for flex
configure:10726: result: /home/legal/gcc_mips/src/binutils-2.19.1/missing flex
configure:10739: checking for yywrap in -lfl
configure:10801: result: no
configure:10806: checking for yywrap in -ll
configure:10868: result: no
configure:10879: checking lex output file root
configure:10905: result: lex.yy
configure:10910: checking whether yytext is a pointer
configure:10959: result: yes
configure:10988: checking whether NLS is requested
configure:10994: result: yes
configure:11002: checking for catalogs to be installed
configure:11034: result:  da es fi fr ja ro ru rw sk sv tr uk vi zh_CN zh_TW da es fi fr ja ro ru rw sk sv tr uk vi zh_CN zh_TW
configure:11061: checking whether NLS is requested
configure:11070: result: yes
configure:11108: checking for msgfmt
configure:11139: result: /usr/bin/msgfmt
configure:11148: checking for gmsgfmt
configure:11179: result: /usr/bin/msgfmt
configure:11218: checking for xgettext
configure:11249: result: /usr/bin/xgettext
configure:11289: checking for msgmerge
configure:11319: result: /usr/bin/msgmerge
configure:11355: checking whether to enable maintainer-specific portions of Makefiles
configure:11364: result: no
configure:11415: checking for i686-pc-linux-gnu-ranlib
configure:11441: result: ranlib
configure:11506: checking for a BSD-compatible install
configure:11572: result: /usr/bin/install -c
configure:11641: checking for string.h
configure:11646: result: yes
configure:11641: checking for strings.h
configure:11646: result: yes
configure:11641: checking for stdlib.h
configure:11646: result: yes
configure:11641: checking for unistd.h
configure:11646: result: yes
configure:11641: checking for fcntl.h
configure:11646: result: yes
configure:11641: checking for sys/file.h
configure:11646: result: yes
configure:11641: checking for limits.h
configure:11646: result: yes
configure:11641: checking for sys/param.h
configure:11646: result: yes
configure:11786: checking for sys/wait.h that is POSIX.1 compatible
configure:11847: result: yes
configure:11859: checking for working alloca.h
configure:11911: result: yes
configure:11921: checking for alloca
configure:11993: result: yes
configure:12224: checking for sbrk
configure:12312: result: yes
configure:12224: checking for utimes
configure:12312: result: yes
configure:12224: checking for setmode
configure:12312: result: no
configure:12224: checking for getc_unlocked
configure:12312: result: yes
configure:12224: checking for strcoll
configure:12312: result: yes
configure:12322: checking for mkstemp
configure:12410: result: yes
configure:12420: checking for mkdtemp
configure:12508: result: yes
configure:12521: checking for fopen64
configure:12622: result: yes
configure:12631: checking for stat64
configure:12732: result: yes
configure:12752: checking for library containing frexp
configure:12871: result: none required
configure:12879: checking for time_t in time.h
configure:12931: result: yes
configure:12941: checking for time_t in sys/types.h
configure:12993: result: yes
configure:13003: checking for a known getopt prototype in unistd.h
configure:13055: result: yes
configure:13067: checking for utime.h
configure:13123: result: yes
configure:13133: checking whether fprintf is declared
configure:13187: result: yes
configure:13203: checking whether stpcpy is declared
configure:13257: result: yes
configure:13273: checking whether strstr is declared
configure:13327: result: yes
configure:13343: checking whether sbrk is declared
configure:13397: result: yes
configure:13413: checking whether getenv is declared
configure:13467: result: yes
configure:13483: checking whether environ is declared
configure:13537: result: yes
configure:13553: checking whether getc_unlocked is declared
configure:13607: result: yes
configure:13623: checking whether snprintf is declared
configure:13677: result: yes
configure:13693: checking whether vsnprintf is declared
configure:13747: result: yes
configure:13769: checking for library containing zlibVersion
configure:13888: result: -lz
configure:13897: checking for zlib.h
configure:13902: result: yes
configure:14072: checking for iconv.h
configure:14077: result: yes
configure:14250: checking for ld used by GCC
configure:14313: result: ld
configure:14322: checking if the linker (ld) is GNU ld
configure:14334: result: yes
configure:14340: checking for shared library run path origin
configure:14353: result: done
configure:14783: checking for iconv
configure:14895: result: yes
configure:14918: checking for iconv declaration
configure:14986: result: 
         extern size_t iconv (iconv_t cd, char * *inbuf, size_t *inbytesleft, char * *outbuf, size_t *outbytesleft);
configure:15365: creating ./config.status

## ---------------------- ##
## Running config.status. ##
## ---------------------- ##

This file was extended by config.status, which was
generated by GNU Autoconf 2.59.  Invocation command line was

  CONFIG_FILES    = 
  CONFIG_HEADERS  = 
  CONFIG_LINKS    = 
  CONFIG_COMMANDS = 
  $ ./config.status 

on ubuntu

config.status:952: creating Makefile
config.status:952: creating doc/Makefile
config.status:952: creating po/Makefile.in
config.status:1049: creating config.h
config.status:1269: config.h is unchanged
config.status:1449: executing depfiles commands
config.status:1449: executing libtool commands
config.status:1449: executing default-1 commands

## ---------------- ##
## Cache variables. ##
## ---------------- ##

ac_cv_build=i686-pc-linux-gnu
ac_cv_build_alias=i686-pc-linux-gnu
ac_cv_c_compiler_gnu=yes
ac_cv_env_CC_set=set
ac_cv_env_CC_value=gcc
ac_cv_env_CFLAGS_set=set
ac_cv_env_CFLAGS_value='-g -O2'
ac_cv_env_CPPFLAGS_set=
ac_cv_env_CPPFLAGS_value=
ac_cv_env_CPP_set=
ac_cv_env_CPP_value=
ac_cv_env_LDFLAGS_set=set
ac_cv_env_LDFLAGS_value=
ac_cv_env_build_alias_set=set
ac_cv_env_build_alias_value=i686-pc-linux-gnu
ac_cv_env_host_alias_set=set
ac_cv_env_host_alias_value=i686-pc-linux-gnu
ac_cv_env_target_alias_set=set
ac_cv_env_target_alias_value=mips-elf
ac_cv_exeext=
ac_cv_func_alloca_works=yes
ac_cv_func_getc_unlocked=yes
ac_cv_func_mkdtemp=yes
ac_cv_func_mkstemp=yes
ac_cv_func_sbrk=yes
ac_cv_func_setmode=no
ac_cv_func_strcoll=yes
ac_cv_func_utimes=yes
ac_cv_have_decl_environ=yes
ac_cv_have_decl_fprintf=yes
ac_cv_have_decl_getc_unlocked=yes
ac_cv_have_decl_getenv=yes
ac_cv_have_decl_sbrk=yes
ac_cv_have_decl_snprintf=yes
ac_cv_have_decl_stpcpy=yes
ac_cv_have_decl_strstr=yes
ac_cv_have_decl_vsnprintf=yes
ac_cv_header_dlfcn_h=yes
ac_cv_header_fcntl_h=yes
ac_cv_header_iconv_h=yes
ac_cv_header_inttypes_h=yes
ac_cv_header_limits_h=yes
ac_cv_header_memory_h=yes
ac_cv_header_minix_config_h=no
ac_cv_header_stdc=yes
ac_cv_header_stdint_h=yes
ac_cv_header_stdlib_h=yes
ac_cv_header_string_h=yes
ac_cv_header_strings_h=yes
ac_cv_header_sys_file_h=yes
ac_cv_header_sys_param_h=yes
ac_cv_header_sys_stat_h=yes
ac_cv_header_sys_types_h=yes
ac_cv_header_sys_wait_h=yes
ac_cv_header_unistd_h=yes
ac_cv_header_zlib_h=yes
ac_cv_host=i686-pc-linux-gnu
ac_cv_host_alias=i686-pc-linux-gnu
ac_cv_lib_fl_yywrap=no
ac_cv_lib_l_yywrap=no
ac_cv_objext=o
ac_cv_path_GMSGFMT=/usr/bin/msgfmt
ac_cv_path_MSGFMT=/usr/bin/msgfmt
ac_cv_path_MSGMERGE=/usr/bin/msgmerge
ac_cv_path_XGETTEXT=/usr/bin/xgettext
ac_cv_prog_AR=ar
ac_cv_prog_AWK=gawk
ac_cv_prog_CC=gcc
ac_cv_prog_CPP='gcc -E'
ac_cv_prog_LEX='/home/legal/gcc_mips/src/binutils-2.19.1/missing flex'
ac_cv_prog_RANLIB=ranlib
ac_cv_prog_YACC='/home/legal/gcc_mips/src/binutils-2.19.1/missing bison -y'
ac_cv_prog_ac_ct_STRIP=strip
ac_cv_prog_cc_g=yes
ac_cv_prog_cc_stdc=
ac_cv_prog_egrep='grep -E'
ac_cv_prog_fgrep='grep -F'
ac_cv_prog_lex_root=lex.yy
ac_cv_prog_lex_yytext_pointer=yes
ac_cv_prog_make_make_set=yes
ac_cv_safe_to_define___extensions__=yes
ac_cv_search_frexp='none required'
ac_cv_search_strerror='none required'
ac_cv_search_zlibVersion=-lz
ac_cv_target=mips-unknown-elf
ac_cv_target_alias=mips-elf
ac_cv_working_alloca_h=yes
acl_cv_hardcode_direct=no
acl_cv_hardcode_libdir_flag_spec='${wl}-rpath ${wl}$libdir'
acl_cv_hardcode_libdir_separator=
acl_cv_hardcode_minus_L=no
acl_cv_libext=a
acl_cv_path_LD=ld
acl_cv_prog_gnu_ld=yes
acl_cv_rpath=done
acl_cv_shlibext=so
acl_cv_wl=-Wl,
am_cv_CC_dependencies_compiler_type=gcc3
am_cv_func_iconv=yes
am_cv_lib_iconv=no
am_cv_proto_iconv='extern size_t iconv (iconv_t cd, char * *inbuf, size_t *inbytesleft, char * *outbuf, size_t *outbytesleft);'
am_cv_proto_iconv_arg1=
bu_cv_decl_getopt_unistd_h=yes
bu_cv_decl_time_t_time_h=yes
bu_cv_decl_time_t_types_h=yes
bu_cv_have_fopen64=yes
bu_cv_have_stat64=yes
bu_cv_header_utime_h=yes
lt_cv_deplibs_check_method=pass_all
lt_cv_file_magic_cmd='$MAGIC_CMD'
lt_cv_file_magic_test_file=
lt_cv_ld_reload_flag=-r
lt_cv_nm_interface='BSD nm'
lt_cv_objdir=.libs
lt_cv_path_LD=ld
lt_cv_path_NM=nm
lt_cv_path_SED=/bin/sed
lt_cv_prog_compiler_c_o=yes
lt_cv_prog_compiler_rtti_exceptions=no
lt_cv_prog_gnu_ld=yes
lt_cv_sys_global_symbol_pipe='sed -n -e '\''s/^.*[	 ]\([ABCDGIRSTW][ABCDGIRSTW]*\)[	 ][	 ]*\([_A-Za-z][_A-Za-z0-9]*\)$/\1 \2 \2/p'\'''
lt_cv_sys_global_symbol_to_c_name_address='sed -n -e '\''s/^: \([^ ]*\) $/  {\"\1\", (void *) 0},/p'\'' -e '\''s/^[ABCDGIRSTW]* \([^ ]*\) \([^ ]*\)$/  {"\2", (void *) \&\2},/p'\'''
lt_cv_sys_global_symbol_to_cdecl='sed -n -e '\''s/^T .* \(.*\)$/extern int \1();/p'\'' -e '\''s/^[ABCDGIRSTW]* .* \(.*\)$/extern char \1;/p'\'''
lt_cv_sys_max_cmd_len=805306365

## ----------------- ##
## Output variables. ##
## ----------------- ##

ACLOCAL='${SHELL} /home/legal/gcc_mips/src/binutils-2.19.1/missing --run aclocal-1.9'
ALLOCA=''
AMDEPBACKSLASH='\'
AMDEP_FALSE='#'
AMDEP_TRUE=''
AMTAR='${SHELL} /home/legal/gcc_mips/src/binutils-2.19.1/missing --run tar'
AR='ar'
AUTOCONF='${SHELL} /home/legal/gcc_mips/src/binutils-2.19.1/missing --run autoconf'
AUTOHEADER='${SHELL} /home/legal/gcc_mips/src/binutils-2.19.1/missing --run autoheader'
AUTOMAKE='${SHELL} /home/legal/gcc_mips/src/binutils-2.19.1/missing --run automake-1.9'
AWK='gawk'
BUILD_DLLTOOL=''
BUILD_DLLWRAP=''
BUILD_INSTALL_MISC=''
BUILD_MISC=''
BUILD_NLMCONV=''
BUILD_SRCONV=''
BUILD_WINDMC=''
BUILD_WINDRES=''
CATALOGS=' da.gmo es.gmo fi.gmo fr.gmo ja.gmo ro.gmo ru.gmo rw.gmo sk.gmo sv.gmo tr.gmo uk.gmo vi.gmo zh_CN.gmo zh_TW.gmo da.gmo es.gmo fi.gmo fr.gmo ja.gmo ro.gmo ru.gmo rw.gmo sk.gmo sv.gmo tr.gmo uk.gmo vi.gmo zh_CN.gmo zh_TW.gmo'
CATOBJEXT='.gmo'
CC='gcc'
CCDEPMODE='depmode=gcc3'
CC_FOR_BUILD='gcc'
CFLAGS='-g -O2'
CPP='gcc -E'
CPPFLAGS=''
CYGPATH_W='echo'
DATADIRNAME='share'
DEFS='-DHAVE_CONFIG_H'
DEMANGLER_NAME='c++filt'
DEPDIR='.deps'
DLLTOOL_DEFS=' '
DUMPBIN=''
ECHO_C=''
ECHO_N='-n'
ECHO_T=''
EGREP='grep -E'
EMULATION='vanilla'
EMULATION_VECTOR='bin_vanilla_emulation'
EXEEXT=''
EXEEXT_FOR_BUILD='$(EXEEXT)'
FGREP='grep -F'
GENCAT='gencat'
GENINSRC_NEVER_FALSE=''
GENINSRC_NEVER_TRUE='#'
GMSGFMT='/usr/bin/msgfmt'
GREP='grep'
HDEFINES=''
INCINTL=''
INSTALL_DATA='/usr/bin/install -c -m 644'
INSTALL_PROGRAM='/usr/bin/install -c'
INSTALL_SCRIPT='/usr/bin/install -c'
INSTALL_STRIP_PROGRAM='${SHELL} $(install_sh) -c -s'
INSTOBJEXT='.mo'
LD='ld'
LDFLAGS=''
LEX='/home/legal/gcc_mips/src/binutils-2.19.1/missing flex'
LEXLIB=''
LEX_OUTPUT_ROOT='lex.yy'
LIBICONV=''
LIBINTL=''
LIBINTL_DEP=''
LIBOBJS=''
LIBS='-lz '
LIBTOOL='$(SHELL) $(top_builddir)/libtool'
LN_S='ln -s'
LTLIBICONV=''
LTLIBOBJS=''
MAINT='#'
MAINTAINER_MODE_FALSE=''
MAINTAINER_MODE_TRUE='#'
MAKEINFO='makeinfo --split-size=5000000'
MKINSTALLDIRS='$(top_builddir)/../../binutils/../mkinstalldirs'
MSGFMT='/usr/bin/msgfmt'
MSGMERGE='/usr/bin/msgmerge'
NLMCONV_DEFS=''
NM='nm'
NO_WERROR='-Wno-error'
OBJDUMP_DEFS=''
OBJEXT='o'
PACKAGE='binutils'
PACKAGE_BUGREPORT=''
PACKAGE_NAME=''
PACKAGE_STRING=''
PACKAGE_TARNAME=''
PACKAGE_VERSION=''
PATH_SEPARATOR=':'
POSUB='po'
RANLIB='ranlib'
SED='/bin/sed'
SET_MAKE=''
SHELL='/bin/bash'
STRIP='strip'
USE_NLS='yes'
VERSION='2.19.1'
WARN_CFLAGS='-W -Wall -Wstrict-prototypes -Wmissing-prototypes -Werror'
XGETTEXT='/usr/bin/xgettext'
YACC='/home/legal/gcc_mips/src/binutils-2.19.1/missing bison -y'
ac_ct_AR=''
ac_ct_CC=''
ac_ct_DUMPBIN=''
ac_ct_RANLIB=''
ac_ct_STRIP='strip'
am__fastdepCC_FALSE='#'
am__fastdepCC_TRUE=''
am__include='include'
am__leading_dot='.'
am__quote=''
am__tar='${AMTAR} chof - "$$tardir"'
am__untar='${AMTAR} xf -'
bindir='${exec_prefix}/bin'
build='i686-pc-linux-gnu'
build_alias='i686-pc-linux-gnu'
build_cpu='i686'
build_os='linux-gnu'
build_vendor='pc'
datadir='${prefix}/share'
datarootdir='/home/legal/gcc_mips/gnu_toolchain-1.5.4-Linux-i686/share'
docdir='/home/legal/gcc_mips/gnu_toolchain-1.5.4-Linux-i686/share/doc'
exec_prefix='${prefix}'
host='i686-pc-linux-gnu'
host_alias='i686-pc-linux-gnu'
host_cpu='i686'
host_os='linux-gnu'
host_vendor='pc'
htmldir='/home/legal/gcc_mips/gnu_toolchain-1.5.4-Linux-i686/share/doc'
includedir='${prefix}/include'
infodir='${prefix}/info'
install_sh='/home/legal/gcc_mips/src/binutils-2.19.1/install-sh'
libdir='${exec_prefix}/lib'
libexecdir='${exec_prefix}/libexec'
localstatedir='${prefix}/var'
lt_ECHO='echo'
mandir='${prefix}/man'
mkdir_p='mkdir -p --'
oldincludedir='/usr/include'
prefix='/home/legal/gcc_mips/gnu_toolchain-1.5.4-Linux-i686'
program_transform_name='s,^,mips-elf-,'
sbindir='${exec_prefix}/sbin'
sharedstatedir='${prefix}/com'
sysconfdir='${prefix}/etc'
target='mips-unknown-elf'
target_alias='mips-elf'
target_cpu='mips'
target_os='elf'
target_vendor='unknown'

## ----------- ##
## confdefs.h. ##
## ----------- ##

#define ENABLE_NLS 1
#define EXECUTABLE_SUFFIX ""
#define HAVE_ALLOCA 1
#define HAVE_ALLOCA_H 1
#define HAVE_DECL_ENVIRON 1
#define HAVE_DECL_FPRINTF 1
#define HAVE_DECL_GETC_UNLOCKED 1
#define HAVE_DECL_GETENV 1
#define HAVE_DECL_GETOPT 1
#define HAVE_DECL_SBRK 1
#define HAVE_DECL_SNPRINTF 1
#define HAVE_DECL_STPCPY 1
#define HAVE_DECL_STRSTR 1
#define HAVE_DECL_VSNPRINTF 1
#define HAVE_DLFCN_H 1
#define HAVE_FCNTL_H 1
#define HAVE_FOPEN64 1
#define HAVE_GETC_UNLOCKED 1
#define HAVE_GOOD_UTIME_H 1
#define HAVE_ICONV 1
#define HAVE_INTTYPES_H 1
#define HAVE_LIMITS_H 1
#define HAVE_MEMORY_H 1
#define HAVE_MKDTEMP 1
#define HAVE_MKSTEMP 1
#define HAVE_SBRK 1
#define HAVE_STAT64 1
#define HAVE_STDINT_H 1
#define HAVE_STDLIB_H 1
#define HAVE_STDLIB_H 1
#define HAVE_STRCOLL 1
#define HAVE_STRINGS_H 1
#define HAVE_STRINGS_H 1
#define HAVE_STRING_H 1
#define HAVE_STRING_H 1
#define HAVE_SYS_FILE_H 1
#define HAVE_SYS_PARAM_H 1
#define HAVE_SYS_STAT_H 1
#define HAVE_SYS_TYPES_H 1
#define HAVE_SYS_WAIT_H 1
#define HAVE_TIME_T_IN_TIME_H 1
#define HAVE_TIME_T_IN_TYPES_H 1
#define HAVE_UNISTD_H 1
#define HAVE_UNISTD_H 1
#define HAVE_UTIMES 1
#define HAVE_ZLIB_H 1
#define ICONV_CONST 
#define LT_OBJDIR ".libs/"
#define PACKAGE "binutils"
#define PACKAGE_BUGREPORT ""
#define PACKAGE_NAME ""
#define PACKAGE_STRING ""
#define PACKAGE_TARNAME ""
#define PACKAGE_VERSION ""
#define STDC_HEADERS 1
#define TARGET "mips-unknown-elf"
#define TARGET_PREPENDS_UNDERSCORE 0
#define VERSION "2.19.1"
#define YYTEXT_POINTER 1
#define _ALL_SOURCE 1
#define _GNU_SOURCE 1
#define _GNU_SOURCE 1
#define _POSIX_PTHREAD_SEMANTICS 1
#define _TANDEM_SOURCE 1
#define __EXTENSIONS__ 1

configure: exit 0
