This file contains any messages produced by compilers while
running configure, to aid debugging if configure makes a mistake.

It was created by configure, which was
generated by GNU Autoconf 2.59.  Invocation command line was

  $ /home/legal/gcc_mips/src/binutils-2.19.1/ld/configure --cache-file=./config.cache --with-gnu-as --with-gnu-ld --with-stabs --prefix=/home/legal/gcc_mips/gnu_toolchain-1.5.4-Linux-i686 --program-transform-name=s,^,mips-elf-, --build=i686-pc-linux-gnu --host=i686-pc-linux-gnu --target=mips-elf --srcdir=../../ld

## --------- ##
## Platform. ##
## --------- ##

hostname = ubuntu
uname -m = i686
uname -r = 2.6.32-50-generic
uname -s = Linux
uname -v = #112-Ubuntu SMP Tue Jul 9 20:29:14 UTC 2013

/usr/bin/uname -p = unknown
/bin/uname -X     = unknown

/bin/arch              = unknown
/usr/bin/arch -k       = unknown
/usr/convex/getsysinfo = unknown
hostinfo               = unknown
/bin/machine           = unknown
/usr/bin/oslevel       = unknown
/bin/universe          = unknown

PATH: /usr/local/sbin
PATH: /usr/local/bin
PATH: /usr/sbin
PATH: /usr/bin
PATH: /sbin
PATH: /bin
PATH: /usr/games
PATH: /usr/synopsys/Z-2007.03-SP5/bin
PATH: /opt/intel/cc/10.1.018/bin
PATH: /opt/gcc_mips/bin
PATH: /opt/Xilinx/13.1/ISE_DS/ISE/bin/lin
PATH: /usr/synopsys/D-2010.03-SP4/bin
PATH: /opt/gaisler/tsim-eval/tsim/linux
PATH: /opt/ecos/ecostools/linux
PATH: /home/legal/gnu_mips/tools/mips-elf/bin
PATH: /home/legal/gnu_mips/tools/mips-elf/bin


## ----------- ##
## Core tests. ##
## ----------- ##

configure:1390: loading cache ./config.cache
configure:1525: checking build system type
configure:1543: result: i686-pc-linux-gnu
configure:1551: checking host system type
configure:1565: result: i686-pc-linux-gnu
configure:1573: checking target system type
configure:1587: result: mips-unknown-elf
configure:1609: checking for i686-pc-linux-gnu-gcc
configure:1635: result: gcc
configure:1919: checking for C compiler version
configure:1922: gcc --version </dev/null >&5
gcc (Ubuntu 4.4.3-4ubuntu5.1) 4.4.3
Copyright (C) 2009 Free Software Foundation, Inc.
This is free software; see the source for copying conditions.  There is NO
warranty; not even for MERCHANTABILITY or FITNESS FOR A PARTICULAR PURPOSE.

configure:1925: $? = 0
configure:1927: gcc -v </dev/null >&5
Using built-in specs.
Target: i486-linux-gnu
Configured with: ../src/configure -v --with-pkgversion='Ubuntu 4.4.3-4ubuntu5.1' --with-bugurl=file:///usr/share/doc/gcc-4.4/README.Bugs --enable-languages=c,c++,fortran,objc,obj-c++ --prefix=/usr --enable-shared --enable-multiarch --enable-linker-build-id --with-system-zlib --libexecdir=/usr/lib --without-included-gettext --enable-threads=posix --with-gxx-include-dir=/usr/include/c++/4.4 --program-suffix=-4.4 --enable-nls --enable-clocale=gnu --enable-libstdcxx-debug --enable-plugin --enable-objc-gc --enable-targets=all --disable-werror --with-arch-32=i486 --with-tune=generic --enable-checking=release --build=i486-linux-gnu --host=i486-linux-gnu --target=i486-linux-gnu
Thread model: posix
gcc version 4.4.3 (Ubuntu 4.4.3-4ubuntu5.1) 
configure:1930: $? = 0
configure:1932: gcc -V </dev/null >&5
gcc: '-V' option must have argument
configure:1935: $? = 1
configure:1958: checking for C compiler default output file name
configure:1961: gcc -g -O2   conftest.c  >&5
configure:1964: $? = 0
configure:2012: result: a.out
configure:2017: checking whether the C compiler works
configure:2023: ./a.out
configure:2026: $? = 0
configure:2045: result: yes
configure:2052: checking whether we are cross compiling
configure:2054: result: no
configure:2057: checking for suffix of executables
configure:2059: gcc -o conftest -g -O2   conftest.c  >&5
configure:2062: $? = 0
configure:2089: result: 
configure:2095: checking for suffix of object files
configure:2143: result: o
configure:2147: checking whether we are using the GNU C compiler
configure:2203: result: yes
configure:2209: checking whether gcc accepts -g
configure:2260: result: yes
configure:2277: checking for gcc option to accept ANSI C
configure:2384: result: none needed
configure:2402: gcc -c -g -O2  conftest.c >&5
conftest.c:2: error: expected '=', ',', ';', 'asm' or '__attribute__' before 'me'
configure:2408: $? = 1
configure: failed program was:
| #ifndef __cplusplus
|   choke me
| #endif
configure:2542: checking for library containing strerror
configure:2661: result: none required
configure:2685: checking for a BSD-compatible install
configure:2751: result: /usr/bin/install -c
configure:2762: checking whether build environment is sane
configure:2805: result: yes
configure:2870: checking for gawk
configure:2896: result: gawk
configure:2906: checking whether make sets $(MAKE)
configure:2926: result: yes
configure:2956: checking for style of include used by make
configure:2984: result: GNU
configure:3160: checking dependency style of gcc
configure:3250: result: gcc3
configure:3474: checking for i686-pc-linux-gnu-gcc
configure:3500: result: gcc
configure:3784: checking for C compiler version
configure:3787: gcc --version </dev/null >&5
gcc (Ubuntu 4.4.3-4ubuntu5.1) 4.4.3
Copyright (C) 2009 Free Software Foundation, Inc.
This is free software; see the source for copying conditions.  There is NO
warranty; not even for MERCHANTABILITY or FITNESS FOR A PARTICULAR PURPOSE.

configure:3790: $? = 0
configure:3792: gcc -v </dev/null >&5
Using built-in specs.
Target: i486-linux-gnu
Configured with: ../src/configure -v --with-pkgversion='Ubuntu 4.4.3-4ubuntu5.1' --with-bugurl=file:///usr/share/doc/gcc-4.4/README.Bugs --enable-languages=c,c++,fortran,objc,obj-c++ --prefix=/usr --enable-shared --enable-multiarch --enable-linker-build-id --with-system-zlib --libexecdir=/usr/lib --without-included-gettext --enable-threads=posix --with-gxx-include-dir=/usr/include/c++/4.4 --program-suffix=-4.4 --enable-nls --enable-clocale=gnu --enable-libstdcxx-debug --enable-plugin --enable-objc-gc --enable-targets=all --disable-werror --with-arch-32=i486 --with-tune=generic --enable-checking=release --build=i486-linux-gnu --host=i486-linux-gnu --target=i486-linux-gnu
Thread model: posix
gcc version 4.4.3 (Ubuntu 4.4.3-4ubuntu5.1) 
configure:3795: $? = 0
configure:3797: gcc -V </dev/null >&5
gcc: '-V' option must have argument
configure:3800: $? = 1
configure:3803: checking whether we are using the GNU C compiler
configure:3859: result: yes
configure:3865: checking whether gcc accepts -g
configure:3916: result: yes
configure:3933: checking for gcc option to accept ANSI C
configure:4040: result: none needed
configure:4058: gcc -c -g -O2  conftest.c >&5
conftest.c:2: error: expected '=', ',', ';', 'asm' or '__attribute__' before 'me'
configure:4064: $? = 1
configure: failed program was:
| #ifndef __cplusplus
|   choke me
| #endif
configure:4208: checking how to run the C preprocessor
configure:4326: result: gcc -E
configure:4350: gcc -E  conftest.c
configure:4356: $? = 0
configure:4388: gcc -E  conftest.c
conftest.c:13:28: error: ac_nonexistent.h: No such file or directory
configure:4394: $? = 1
configure: failed program was:
| /* confdefs.h.  */
| 
| #define PACKAGE_NAME ""
| #define PACKAGE_TARNAME ""
| #define PACKAGE_VERSION ""
| #define PACKAGE_STRING ""
| #define PACKAGE_BUGREPORT ""
| #define PACKAGE "ld"
| #define VERSION "2.19.1"
| #define GOT_HANDLING_DEFAULT GOT_HANDLING_TARGET_DEFAULT
| #define _GNU_SOURCE 1
| /* end confdefs.h.  */
| #include <ac_nonexistent.h>
configure:4440: checking for egrep
configure:4450: result: grep -E
configure:4455: checking for ANSI C header files
configure:4611: result: yes
configure:4635: checking for sys/types.h
configure:4681: result: yes
configure:4635: checking for sys/stat.h
configure:4681: result: yes
configure:4635: checking for stdlib.h
configure:4681: result: yes
configure:4635: checking for string.h
configure:4681: result: yes
configure:4635: checking for memory.h
configure:4681: result: yes
configure:4635: checking for strings.h
configure:4681: result: yes
configure:4635: checking for inttypes.h
configure:4681: result: yes
configure:4635: checking for stdint.h
configure:4681: result: yes
configure:4635: checking for unistd.h
configure:4681: result: yes
configure:4695: checking for minix/config.h
configure:4700: result: no
configure:4858: checking whether it is safe to define __EXTENSIONS__
configure:4911: result: yes
configure:4949: checking for a BSD-compatible install
configure:5015: result: /usr/bin/install -c
configure:5163: checking for a sed that does not truncate output
configure:5219: result: /bin/sed
configure:5235: checking for fgrep
configure:5245: result: grep -F
configure:5280: checking for ld used by gcc
configure:5347: result: ld
configure:5356: checking if the linker (ld) is GNU ld
configure:5371: result: yes
configure:5384: checking for BSD- or MS-compatible name lister (nm)
configure:5433: result: nm
configure:5538: checking the name lister (nm) interface
configure:5558: result: BSD nm
configure:5561: checking whether ln -s works
configure:5565: result: yes
configure:5573: checking the maximum length of command line arguments
configure:5693: result: 805306365
configure:5711: checking whether the shell understands some XSI constructs
configure:5719: result: yes
configure:5723: checking whether the shell understands "+="
configure:5729: result: yes
configure:5764: checking for ld option to reload object files
configure:5771: result: -r
configure:5798: checking how to recognize dependent libraries
configure:5988: result: pass_all
configure:6008: checking for i686-pc-linux-gnu-ar
configure:6034: result: ar
configure:6101: checking for i686-pc-linux-gnu-strip
configure:6130: result: no
configure:6139: checking for strip
configure:6166: result: strip
configure:6188: checking for i686-pc-linux-gnu-ranlib
configure:6214: result: ranlib
configure:6333: checking command to parse nm output from gcc object
configure:6555: result: ok
configure:6796: checking for dlfcn.h
configure:6842: result: yes
configure:6904: checking for objdir
configure:6919: result: .libs
configure:7215: checking if gcc supports -fno-rtti -fno-exceptions
configure:7250: result: no
configure:7270: checking for gcc option to produce PIC
configure:7525: result: -fPIC -DPIC
configure:7537: checking if gcc PIC flag -fPIC -DPIC works
configure:7555: gcc -c -g -O2  -fPIC -DPIC -DPIC conftest.c >&5
configure:7559: $? = 0
configure:7572: result: yes
configure:7596: checking if gcc static flag -static works
configure:7624: result: yes
configure:7639: checking if gcc supports -c -o file.o
configure:7686: result: yes
configure:7694: checking if gcc supports -c -o file.o
configure:7741: result: yes
configure:7774: checking whether the gcc linker (ld) supports shared libraries
configure:8854: result: yes
configure:8891: checking whether -lc should be explicitly linked in
configure:8896: gcc -c -g -O2  conftest.c >&5
configure:8899: $? = 0
configure:8914: gcc -shared conftest.o  -v -Wl,-soname -Wl,conftest -o conftest 2\>\&1 \| grep  -lc  \>/dev/null 2\>\&1
configure:8917: $? = 0
configure:8929: result: no
configure:9093: checking dynamic linker characteristics
configure:9526: gcc -o conftest -g -O2   -Wl,-rpath -Wl,/foo conftest.c  >&5
configure:9532: $? = 0
configure:9536: test -z 
			 || test ! -s conftest.err
configure:9539: $? = 0
configure:9542: test -s conftest
configure:9545: $? = 0
configure:9769: result: GNU/Linux ld.so
configure:9864: checking how to hardcode library paths into programs
configure:9889: result: immediate
configure:10735: checking whether stripping libraries is possible
configure:10740: result: yes
configure:10775: checking if libtool supports shared libraries
configure:10777: result: yes
configure:10780: checking whether to build shared libraries
configure:10801: result: yes
configure:10804: checking whether to build static libraries
configure:10808: result: yes
configure:10858: checking whether NLS is requested
configure:10864: result: yes
configure:10872: checking for catalogs to be installed
configure:10904: result:  da es fi fr ga sv tr vi zh_CN zh_TW da es fi fr ga sv tr vi zh_CN zh_TW
configure:10931: checking whether NLS is requested
configure:10940: result: yes
configure:10978: checking for msgfmt
configure:11009: result: /usr/bin/msgfmt
configure:11018: checking for gmsgfmt
configure:11049: result: /usr/bin/msgfmt
configure:11088: checking for xgettext
configure:11119: result: /usr/bin/xgettext
configure:11159: checking for msgmerge
configure:11189: result: /usr/bin/msgmerge
configure:11231: checking for bison
configure:11257: result: /home/legal/gcc_mips/src/binutils-2.19.1/missing bison -y
configure:11272: checking for flex
configure:11298: result: /home/legal/gcc_mips/src/binutils-2.19.1/missing flex
configure:11311: checking for yywrap in -lfl
configure:11373: result: no
configure:11378: checking for yywrap in -ll
configure:11440: result: no
configure:11451: checking lex output file root
configure:11477: result: lex.yy
configure:11482: checking whether yytext is a pointer
configure:11531: result: yes
configure:11546: checking whether to enable maintainer-specific portions of Makefiles
configure:11555: result: no
configure:11599: checking for string.h
configure:11604: result: yes
configure:11599: checking for strings.h
configure:11604: result: yes
configure:11599: checking for stdlib.h
configure:11604: result: yes
configure:11599: checking for unistd.h
configure:11604: result: yes
configure:11599: checking for elf-hints.h
configure:11604: result: no
configure:11599: checking for limits.h
configure:11604: result: yes
configure:11599: checking for sys/param.h
configure:11604: result: yes
configure:11752: checking for glob
configure:11840: result: yes
configure:11752: checking for mkstemp
configure:11840: result: yes
configure:11752: checking for realpath
configure:11840: result: yes
configure:11752: checking for sbrk
configure:11840: result: yes
configure:11752: checking for waitpid
configure:11840: result: yes
configure:11858: checking for dirent.h that defines DIR
configure:11912: result: yes
configure:11925: checking for library containing opendir
configure:12044: result: none required
configure:12181: checking for a known getopt prototype in unistd.h
configure:12233: result: yes
configure:12253: checking whether strstr is declared
configure:12307: result: yes
configure:12323: checking whether free is declared
configure:12377: result: yes
configure:12393: checking whether sbrk is declared
configure:12447: result: yes
configure:12463: checking whether getenv is declared
configure:12517: result: yes
configure:12533: checking whether environ is declared
configure:12587: result: yes
configure:12608: checking for library containing zlibVersion
configure:12727: result: -lz
configure:12736: checking for zlib.h
configure:12741: result: yes
configure:12890: checking whether ANSI C string concatenation works
configure:12942: result: yes
configure:13627: creating ./config.status

## ---------------------- ##
## Running config.status. ##
## ---------------------- ##

This file was extended by config.status, which was
generated by GNU Autoconf 2.59.  Invocation command line was

  CONFIG_FILES    = 
  CONFIG_HEADERS  = 
  CONFIG_LINKS    = 
  CONFIG_COMMANDS = 
  $ ./config.status 

on ubuntu

config.status:947: creating Makefile
config.status:947: creating po/Makefile.in
config.status:1044: creating config.h
config.status:1408: executing depfiles commands
config.status:1408: executing libtool commands
config.status:1408: executing default-1 commands

## ---------------- ##
## Cache variables. ##
## ---------------- ##

ac_cv_build=i686-pc-linux-gnu
ac_cv_build_alias=i686-pc-linux-gnu
ac_cv_c_compiler_gnu=yes
ac_cv_env_CC_set=set
ac_cv_env_CC_value=gcc
ac_cv_env_CFLAGS_set=set
ac_cv_env_CFLAGS_value='-g -O2'
ac_cv_env_CPPFLAGS_set=
ac_cv_env_CPPFLAGS_value=
ac_cv_env_CPP_set=
ac_cv_env_CPP_value=
ac_cv_env_LDFLAGS_set=set
ac_cv_env_LDFLAGS_value=
ac_cv_env_build_alias_set=set
ac_cv_env_build_alias_value=i686-pc-linux-gnu
ac_cv_env_host_alias_set=set
ac_cv_env_host_alias_value=i686-pc-linux-gnu
ac_cv_env_target_alias_set=set
ac_cv_env_target_alias_value=mips-elf
ac_cv_exeext=
ac_cv_func_glob=yes
ac_cv_func_mkstemp=yes
ac_cv_func_realpath=yes
ac_cv_func_sbrk=yes
ac_cv_func_waitpid=yes
ac_cv_have_decl_environ=yes
ac_cv_have_decl_free=yes
ac_cv_have_decl_getenv=yes
ac_cv_have_decl_sbrk=yes
ac_cv_have_decl_strstr=yes
ac_cv_header_dirent_dirent_h=yes
ac_cv_header_dlfcn_h=yes
ac_cv_header_elf_hints_h=no
ac_cv_header_inttypes_h=yes
ac_cv_header_limits_h=yes
ac_cv_header_memory_h=yes
ac_cv_header_minix_config_h=no
ac_cv_header_stdc=yes
ac_cv_header_stdint_h=yes
ac_cv_header_stdlib_h=yes
ac_cv_header_string_h=yes
ac_cv_header_strings_h=yes
ac_cv_header_sys_param_h=yes
ac_cv_header_sys_stat_h=yes
ac_cv_header_sys_types_h=yes
ac_cv_header_unistd_h=yes
ac_cv_header_zlib_h=yes
ac_cv_host=i686-pc-linux-gnu
ac_cv_host_alias=i686-pc-linux-gnu
ac_cv_lib_fl_yywrap=no
ac_cv_lib_l_yywrap=no
ac_cv_objext=o
ac_cv_path_GMSGFMT=/usr/bin/msgfmt
ac_cv_path_MSGFMT=/usr/bin/msgfmt
ac_cv_path_MSGMERGE=/usr/bin/msgmerge
ac_cv_path_XGETTEXT=/usr/bin/xgettext
ac_cv_prog_AR=ar
ac_cv_prog_AWK=gawk
ac_cv_prog_CC=gcc
ac_cv_prog_CPP='gcc -E'
ac_cv_prog_LEX='/home/legal/gcc_mips/src/binutils-2.19.1/missing flex'
ac_cv_prog_RANLIB=ranlib
ac_cv_prog_YACC='/home/legal/gcc_mips/src/binutils-2.19.1/missing bison -y'
ac_cv_prog_ac_ct_STRIP=strip
ac_cv_prog_cc_g=yes
ac_cv_prog_cc_stdc=
ac_cv_prog_egrep='grep -E'
ac_cv_prog_fgrep='grep -F'
ac_cv_prog_lex_root=lex.yy
ac_cv_prog_lex_yytext_pointer=yes
ac_cv_prog_make_make_set=yes
ac_cv_safe_to_define___extensions__=yes
ac_cv_search_opendir='none required'
ac_cv_search_strerror='none required'
ac_cv_search_zlibVersion=-lz
ac_cv_target=mips-unknown-elf
ac_cv_target_alias=mips-elf
am_cv_CC_dependencies_compiler_type=gcc3
ld_cv_decl_getopt_unistd_h=yes
ld_cv_string_concatenation=yes
lt_cv_deplibs_check_method=pass_all
lt_cv_file_magic_cmd='$MAGIC_CMD'
lt_cv_file_magic_test_file=
lt_cv_ld_reload_flag=-r
lt_cv_nm_interface='BSD nm'
lt_cv_objdir=.libs
lt_cv_path_LD=ld
lt_cv_path_NM=nm
lt_cv_path_SED=/bin/sed
lt_cv_prog_compiler_c_o=yes
lt_cv_prog_compiler_rtti_exceptions=no
lt_cv_prog_gnu_ld=yes
lt_cv_sys_global_symbol_pipe='sed -n -e '\''s/^.*[	 ]\([ABCDGIRSTW][ABCDGIRSTW]*\)[	 ][	 ]*\([_A-Za-z][_A-Za-z0-9]*\)$/\1 \2 \2/p'\'''
lt_cv_sys_global_symbol_to_c_name_address='sed -n -e '\''s/^: \([^ ]*\) $/  {\"\1\", (void *) 0},/p'\'' -e '\''s/^[ABCDGIRSTW]* \([^ ]*\) \([^ ]*\)$/  {"\2", (void *) \&\2},/p'\'''
lt_cv_sys_global_symbol_to_cdecl='sed -n -e '\''s/^T .* \(.*\)$/extern int \1();/p'\'' -e '\''s/^[ABCDGIRSTW]* .* \(.*\)$/extern char \1;/p'\'''
lt_cv_sys_max_cmd_len=805306365

## ----------------- ##
## Output variables. ##
## ----------------- ##

ACLOCAL='${SHELL} /home/legal/gcc_mips/src/binutils-2.19.1/missing --run aclocal-1.9'
AMDEPBACKSLASH='\'
AMDEP_FALSE='#'
AMDEP_TRUE=''
AMTAR='${SHELL} /home/legal/gcc_mips/src/binutils-2.19.1/missing --run tar'
AR='ar'
AUTOCONF='${SHELL} /home/legal/gcc_mips/src/binutils-2.19.1/missing --run autoconf'
AUTOHEADER='${SHELL} /home/legal/gcc_mips/src/binutils-2.19.1/missing --run autoheader'
AUTOMAKE='${SHELL} /home/legal/gcc_mips/src/binutils-2.19.1/missing --run automake-1.9'
AWK='gawk'
CATALOGS=' da.gmo es.gmo fi.gmo fr.gmo ga.gmo sv.gmo tr.gmo vi.gmo zh_CN.gmo zh_TW.gmo da.gmo es.gmo fi.gmo fr.gmo ga.gmo sv.gmo tr.gmo vi.gmo zh_CN.gmo zh_TW.gmo'
CATOBJEXT='.gmo'
CC='gcc'
CCDEPMODE='depmode=gcc3'
CFLAGS='-g -O2'
CPP='gcc -E'
CPPFLAGS=''
CYGPATH_W='echo'
DATADIRNAME='share'
DEFS='-DHAVE_CONFIG_H'
DEPDIR='.deps'
DUMPBIN=''
ECHO_C=''
ECHO_N='-n'
ECHO_T=''
EGREP='grep -E'
EMUL='elf32ebmip'
EMULATION_LIBPATH='elf32ebmip'
EMULATION_OFILES=' eelf32ebmip.o'
EMUL_EXTRA_OFILES=''
EXEEXT=''
FGREP='grep -F'
GENCAT='gencat'
GENINSRC_NEVER_FALSE=''
GENINSRC_NEVER_TRUE='#'
GMSGFMT='/usr/bin/msgfmt'
GREP='grep'
HDEFINES=''
HOSTING_CRT0='-dynamic-linker `${CC} --help --verbose 2>&1 | egrep "ld[^ ]*\.so" | sed -e "s,.*-dynamic-linker[ 	][ 	]*\(.*/ld[^ ]*\.so..\).*,\1,"` `${CC} --print-file-name=crt1.o` `${CC} --print-file-name=crti.o` `if [ -f ../gcc/crtbegin.o ]; then echo ../gcc/crtbegin.o; else ${CC} --print-file-name=crtbegin.o; fi`'
HOSTING_LIBS='-L`dirname \`${CC} --print-file-name=libc.so\`` `if [ -f ../gcc/libgcc.a ]; then libgcc=../gcc/libgcc.a; else libgcc=\`${CC} -print-libgcc-file-name\`; fi; if [ -f ../gcc/libgcc_eh.a ]; then libgcc="$libgcc ../gcc/libgcc_eh.a"; else libgcc_eh=\`${CC} -print-file-name=libgcc_eh.a\`; if [ x"$libgcc_eh" != xlibgcc_eh.a ]; then libgcc="$libgcc $libgcc_eh"; fi; fi; if [ -f ../gcc/libunwind.a ]; then libgcc="$libgcc ../gcc/libunwind.a"; else libunwind=\`${CC} -print-file-name=libunwind.a\`; if [ x"$libunwind" != xlibunwind.a ]; then libgcc="$libgcc $libunwind"; fi; fi; echo --start-group $libgcc -lc --end-group` `if [ -f ../gcc/crtend.o ]; then echo ../gcc/crtend.o; else ${CC} --print-file-name=crtend.o; fi` `${CC} --print-file-name=crtn.o`'
INCINTL=''
INSTALL_DATA='/usr/bin/install -c -m 644'
INSTALL_PROGRAM='/usr/bin/install -c'
INSTALL_SCRIPT='/usr/bin/install -c'
INSTALL_STRIP_PROGRAM='${SHELL} $(install_sh) -c -s'
INSTOBJEXT='.mo'
LD='ld'
LDFLAGS=''
LEX='/home/legal/gcc_mips/src/binutils-2.19.1/missing flex'
LEXLIB=''
LEX_OUTPUT_ROOT='lex.yy'
LIBINTL=''
LIBINTL_DEP=''
LIBOBJS=''
LIBS='-lz '
LIBTOOL='$(SHELL) $(top_builddir)/libtool'
LIB_PATH=''
LN_S='ln -s'
LTLIBOBJS=''
MAINT='#'
MAINTAINER_MODE_FALSE=''
MAINTAINER_MODE_TRUE='#'
MAKEINFO='makeinfo --split-size=5000000'
MKINSTALLDIRS='$(top_builddir)/../../ld/../mkinstalldirs'
MSGFMT='/usr/bin/msgfmt'
MSGMERGE='/usr/bin/msgmerge'
NATIVE_LIB_DIRS='/usr/local/lib /lib /usr/lib'
NM='nm'
NO_WERROR='-Wno-error'
OBJEXT='o'
PACKAGE='ld'
PACKAGE_BUGREPORT=''
PACKAGE_NAME=''
PACKAGE_STRING=''
PACKAGE_TARNAME=''
PACKAGE_VERSION=''
PATH_SEPARATOR=':'
POSUB='po'
RANLIB='ranlib'
SED='/bin/sed'
SET_MAKE=''
SHELL='/bin/bash'
STRINGIFY='astring.sed'
STRIP='strip'
TARGET_SYSTEM_ROOT=''
TARGET_SYSTEM_ROOT_DEFINE='-DTARGET_SYSTEM_ROOT=\"\"'
TESTBFDLIB='../bfd/.libs/libbfd.a'
USE_NLS='yes'
VERSION='2.19.1'
WARN_CFLAGS='-W -Wall -Wstrict-prototypes -Wmissing-prototypes -Werror'
XGETTEXT='/usr/bin/xgettext'
YACC='/home/legal/gcc_mips/src/binutils-2.19.1/missing bison -y'
ac_ct_AR=''
ac_ct_CC=''
ac_ct_DUMPBIN=''
ac_ct_RANLIB=''
ac_ct_STRIP='strip'
am__fastdepCC_FALSE='#'
am__fastdepCC_TRUE=''
am__include='include'
am__leading_dot='.'
am__quote=''
am__tar='${AMTAR} chof - "$$tardir"'
am__untar='${AMTAR} xf -'
bindir='${exec_prefix}/bin'
build='i686-pc-linux-gnu'
build_alias='i686-pc-linux-gnu'
build_cpu='i686'
build_os='linux-gnu'
build_vendor='pc'
datadir='${prefix}/share'
datarootdir='/home/legal/gcc_mips/gnu_toolchain-1.5.4-Linux-i686/share'
docdir='/home/legal/gcc_mips/gnu_toolchain-1.5.4-Linux-i686/share/doc'
exec_prefix='${prefix}'
host='i686-pc-linux-gnu'
host_alias='i686-pc-linux-gnu'
host_cpu='i686'
host_os='linux-gnu'
host_vendor='pc'
htmldir='/home/legal/gcc_mips/gnu_toolchain-1.5.4-Linux-i686/share/doc'
includedir='${prefix}/include'
infodir='${prefix}/info'
install_sh='/home/legal/gcc_mips/src/binutils-2.19.1/install-sh'
libdir='${exec_prefix}/lib'
libexecdir='${exec_prefix}/libexec'
localstatedir='${prefix}/var'
lt_ECHO='echo'
mandir='${prefix}/man'
mkdir_p='mkdir -p --'
oldincludedir='/usr/include'
prefix='/home/legal/gcc_mips/gnu_toolchain-1.5.4-Linux-i686'
program_transform_name='s,^,mips-elf-,'
sbindir='${exec_prefix}/sbin'
sharedstatedir='${prefix}/com'
sysconfdir='${prefix}/etc'
target='mips-unknown-elf'
target_alias='mips-elf'
target_cpu='mips'
target_os='elf'
target_vendor='unknown'
use_sysroot='no'

## ------------- ##
## Output files. ##
## ------------- ##

TDIRS='tdirs'

## ----------- ##
## confdefs.h. ##
## ----------- ##

#define ENABLE_NLS 1
#define GOT_HANDLING_DEFAULT GOT_HANDLING_TARGET_DEFAULT
#define HAVE_DECL_ENVIRON 1
#define HAVE_DECL_FREE 1
#define HAVE_DECL_GETENV 1
#define HAVE_DECL_GETOPT 1
#define HAVE_DECL_SBRK 1
#define HAVE_DECL_STRSTR 1
#define HAVE_DIRENT_H 1
#define HAVE_DLFCN_H 1
#define HAVE_GLOB 1
#define HAVE_INTTYPES_H 1
#define HAVE_LIMITS_H 1
#define HAVE_MEMORY_H 1
#define HAVE_MKSTEMP 1
#define HAVE_REALPATH 1
#define HAVE_SBRK 1
#define HAVE_STDINT_H 1
#define HAVE_STDLIB_H 1
#define HAVE_STDLIB_H 1
#define HAVE_STRINGS_H 1
#define HAVE_STRINGS_H 1
#define HAVE_STRING_H 1
#define HAVE_STRING_H 1
#define HAVE_SYS_PARAM_H 1
#define HAVE_SYS_STAT_H 1
#define HAVE_SYS_TYPES_H 1
#define HAVE_UNISTD_H 1
#define HAVE_UNISTD_H 1
#define HAVE_WAITPID 1
#define HAVE_ZLIB_H 1
#define LT_OBJDIR ".libs/"
#define PACKAGE "ld"
#define PACKAGE_BUGREPORT ""
#define PACKAGE_NAME ""
#define PACKAGE_STRING ""
#define PACKAGE_TARNAME ""
#define PACKAGE_VERSION ""
#define STDC_HEADERS 1
#define VERSION "2.19.1"
#define YYTEXT_POINTER 1
#define _ALL_SOURCE 1
#define _GNU_SOURCE 1
#define _GNU_SOURCE 1
#define _POSIX_PTHREAD_SEMANTICS 1
#define _TANDEM_SOURCE 1
#define __EXTENSIONS__ 1

configure: exit 0
