This file contains any messages produced by compilers while
running configure, to aid debugging if configure makes a mistake.

It was created by configure, which was
generated by GNU Autoconf 2.59.  Invocation command line was

  $ /home/legal/gcc_mips/src/binutils-2.19.1/opcodes/configure --cache-file=./config.cache --with-gnu-as --with-gnu-ld --with-stabs --prefix=/home/legal/gcc_mips/gnu_toolchain-1.5.4-Linux-i686 --program-transform-name=s,^,mips-elf-, --build=i686-pc-linux-gnu --host=i686-pc-linux-gnu --target=mips-elf --srcdir=../../opcodes

## --------- ##
## Platform. ##
## --------- ##

hostname = ubuntu
uname -m = i686
uname -r = 2.6.32-50-generic
uname -s = Linux
uname -v = #112-Ubuntu SMP Tue Jul 9 20:29:14 UTC 2013

/usr/bin/uname -p = unknown
/bin/uname -X     = unknown

/bin/arch              = unknown
/usr/bin/arch -k       = unknown
/usr/convex/getsysinfo = unknown
hostinfo               = unknown
/bin/machine           = unknown
/usr/bin/oslevel       = unknown
/bin/universe          = unknown

PATH: /usr/local/sbin
PATH: /usr/local/bin
PATH: /usr/sbin
PATH: /usr/bin
PATH: /sbin
PATH: /bin
PATH: /usr/games
PATH: /usr/synopsys/Z-2007.03-SP5/bin
PATH: /opt/intel/cc/10.1.018/bin
PATH: /opt/gcc_mips/bin
PATH: /opt/Xilinx/13.1/ISE_DS/ISE/bin/lin
PATH: /usr/synopsys/D-2010.03-SP4/bin
PATH: /opt/gaisler/tsim-eval/tsim/linux
PATH: /opt/ecos/ecostools/linux
PATH: /home/legal/gnu_mips/tools/mips-elf/bin
PATH: /home/legal/gnu_mips/tools/mips-elf/bin


## ----------- ##
## Core tests. ##
## ----------- ##

configure:1388: loading cache ./config.cache
configure:1523: checking build system type
configure:1541: result: i686-pc-linux-gnu
configure:1549: checking host system type
configure:1563: result: i686-pc-linux-gnu
configure:1571: checking target system type
configure:1585: result: mips-unknown-elf
configure:1607: checking for i686-pc-linux-gnu-gcc
configure:1633: result: gcc
configure:1917: checking for C compiler version
configure:1920: gcc --version </dev/null >&5
gcc (Ubuntu 4.4.3-4ubuntu5.1) 4.4.3
Copyright (C) 2009 Free Software Foundation, Inc.
This is free software; see the source for copying conditions.  There is NO
warranty; not even for MERCHANTABILITY or FITNESS FOR A PARTICULAR PURPOSE.

configure:1923: $? = 0
configure:1925: gcc -v </dev/null >&5
Using built-in specs.
Target: i486-linux-gnu
Configured with: ../src/configure -v --with-pkgversion='Ubuntu 4.4.3-4ubuntu5.1' --with-bugurl=file:///usr/share/doc/gcc-4.4/README.Bugs --enable-languages=c,c++,fortran,objc,obj-c++ --prefix=/usr --enable-shared --enable-multiarch --enable-linker-build-id --with-system-zlib --libexecdir=/usr/lib --without-included-gettext --enable-threads=posix --with-gxx-include-dir=/usr/include/c++/4.4 --program-suffix=-4.4 --enable-nls --enable-clocale=gnu --enable-libstdcxx-debug --enable-plugin --enable-objc-gc --enable-targets=all --disable-werror --with-arch-32=i486 --with-tune=generic --enable-checking=release --build=i486-linux-gnu --host=i486-linux-gnu --target=i486-linux-gnu
Thread model: posix
gcc version 4.4.3 (Ubuntu 4.4.3-4ubuntu5.1) 
configure:1928: $? = 0
configure:1930: gcc -V </dev/null >&5
gcc: '-V' option must have argument
configure:1933: $? = 1
configure:1956: checking for C compiler default output file name
configure:1959: gcc -g -O2   conftest.c  >&5
configure:1962: $? = 0
configure:2010: result: a.out
configure:2015: checking whether the C compiler works
configure:2021: ./a.out
configure:2024: $? = 0
configure:2043: result: yes
configure:2050: checking whether we are cross compiling
configure:2052: result: no
configure:2055: checking for suffix of executables
configure:2057: gcc -o conftest -g -O2   conftest.c  >&5
configure:2060: $? = 0
configure:2087: result: 
configure:2093: checking for suffix of object files
configure:2141: result: o
configure:2145: checking whether we are using the GNU C compiler
configure:2201: result: yes
configure:2207: checking whether gcc accepts -g
configure:2258: result: yes
configure:2275: checking for gcc option to accept ANSI C
configure:2382: result: none needed
configure:2400: gcc -c -g -O2  conftest.c >&5
conftest.c:2: error: expected '=', ',', ';', 'asm' or '__attribute__' before 'me'
configure:2406: $? = 1
configure: failed program was:
| #ifndef __cplusplus
|   choke me
| #endif
configure:2540: checking for library containing strerror
configure:2659: result: none required
configure:2687: checking for a BSD-compatible install
configure:2753: result: /usr/bin/install -c
configure:2764: checking whether build environment is sane
configure:2807: result: yes
configure:2872: checking for gawk
configure:2898: result: gawk
configure:2908: checking whether make sets $(MAKE)
configure:2928: result: yes
configure:2958: checking for style of include used by make
configure:2986: result: GNU
configure:3162: checking dependency style of gcc
configure:3252: result: gcc3
configure:3279: checking for i686-pc-linux-gnu-gcc
configure:3305: result: gcc
configure:3589: checking for C compiler version
configure:3592: gcc --version </dev/null >&5
gcc (Ubuntu 4.4.3-4ubuntu5.1) 4.4.3
Copyright (C) 2009 Free Software Foundation, Inc.
This is free software; see the source for copying conditions.  There is NO
warranty; not even for MERCHANTABILITY or FITNESS FOR A PARTICULAR PURPOSE.

configure:3595: $? = 0
configure:3597: gcc -v </dev/null >&5
Using built-in specs.
Target: i486-linux-gnu
Configured with: ../src/configure -v --with-pkgversion='Ubuntu 4.4.3-4ubuntu5.1' --with-bugurl=file:///usr/share/doc/gcc-4.4/README.Bugs --enable-languages=c,c++,fortran,objc,obj-c++ --prefix=/usr --enable-shared --enable-multiarch --enable-linker-build-id --with-system-zlib --libexecdir=/usr/lib --without-included-gettext --enable-threads=posix --with-gxx-include-dir=/usr/include/c++/4.4 --program-suffix=-4.4 --enable-nls --enable-clocale=gnu --enable-libstdcxx-debug --enable-plugin --enable-objc-gc --enable-targets=all --disable-werror --with-arch-32=i486 --with-tune=generic --enable-checking=release --build=i486-linux-gnu --host=i486-linux-gnu --target=i486-linux-gnu
Thread model: posix
gcc version 4.4.3 (Ubuntu 4.4.3-4ubuntu5.1) 
configure:3600: $? = 0
configure:3602: gcc -V </dev/null >&5
gcc: '-V' option must have argument
configure:3605: $? = 1
configure:3608: checking whether we are using the GNU C compiler
configure:3664: result: yes
configure:3670: checking whether gcc accepts -g
configure:3721: result: yes
configure:3738: checking for gcc option to accept ANSI C
configure:3845: result: none needed
configure:3863: gcc -c -g -O2  conftest.c >&5
conftest.c:2: error: expected '=', ',', ';', 'asm' or '__attribute__' before 'me'
configure:3869: $? = 1
configure: failed program was:
| #ifndef __cplusplus
|   choke me
| #endif
configure:4013: checking how to run the C preprocessor
configure:4131: result: gcc -E
configure:4155: gcc -E  conftest.c
configure:4161: $? = 0
configure:4193: gcc -E  conftest.c
conftest.c:12:28: error: ac_nonexistent.h: No such file or directory
configure:4199: $? = 1
configure: failed program was:
| /* confdefs.h.  */
| 
| #define PACKAGE_NAME ""
| #define PACKAGE_TARNAME ""
| #define PACKAGE_VERSION ""
| #define PACKAGE_STRING ""
| #define PACKAGE_BUGREPORT ""
| #define PACKAGE "opcodes"
| #define VERSION "2.19.1"
| #define _GNU_SOURCE 1
| /* end confdefs.h.  */
| #include <ac_nonexistent.h>
configure:4245: checking for egrep
configure:4255: result: grep -E
configure:4260: checking for ANSI C header files
configure:4416: result: yes
configure:4440: checking for sys/types.h
configure:4486: result: yes
configure:4440: checking for sys/stat.h
configure:4486: result: yes
configure:4440: checking for stdlib.h
configure:4486: result: yes
configure:4440: checking for string.h
configure:4486: result: yes
configure:4440: checking for memory.h
configure:4486: result: yes
configure:4440: checking for strings.h
configure:4486: result: yes
configure:4440: checking for inttypes.h
configure:4486: result: yes
configure:4440: checking for stdint.h
configure:4486: result: yes
configure:4440: checking for unistd.h
configure:4486: result: yes
configure:4500: checking for minix/config.h
configure:4505: result: no
configure:4663: checking whether it is safe to define __EXTENSIONS__
configure:4716: result: yes
configure:4744: checking for i686-pc-linux-gnu-ar
configure:4770: result: ar
configure:4823: checking for i686-pc-linux-gnu-ranlib
configure:4849: result: ranlib
configure:5039: checking for a sed that does not truncate output
configure:5095: result: /bin/sed
configure:5111: checking for fgrep
configure:5121: result: grep -F
configure:5156: checking for ld used by gcc
configure:5223: result: ld
configure:5232: checking if the linker (ld) is GNU ld
configure:5247: result: yes
configure:5260: checking for BSD- or MS-compatible name lister (nm)
configure:5309: result: nm
configure:5414: checking the name lister (nm) interface
configure:5434: result: BSD nm
configure:5437: checking whether ln -s works
configure:5441: result: yes
configure:5449: checking the maximum length of command line arguments
configure:5569: result: 805306365
configure:5587: checking whether the shell understands some XSI constructs
configure:5595: result: yes
configure:5599: checking whether the shell understands "+="
configure:5605: result: yes
configure:5640: checking for ld option to reload object files
configure:5647: result: -r
configure:5674: checking how to recognize dependent libraries
configure:5864: result: pass_all
configure:5884: checking for i686-pc-linux-gnu-ar
configure:5910: result: ar
configure:5977: checking for i686-pc-linux-gnu-strip
configure:6006: result: no
configure:6015: checking for strip
configure:6042: result: strip
configure:6064: checking for i686-pc-linux-gnu-ranlib
configure:6090: result: ranlib
configure:6209: checking command to parse nm output from gcc object
configure:6431: result: ok
configure:6672: checking for dlfcn.h
configure:6718: result: yes
configure:6780: checking for objdir
configure:6795: result: .libs
configure:7091: checking if gcc supports -fno-rtti -fno-exceptions
configure:7126: result: no
configure:7146: checking for gcc option to produce PIC
configure:7401: result: -fPIC -DPIC
configure:7413: checking if gcc PIC flag -fPIC -DPIC works
configure:7431: gcc -c -g -O2  -fPIC -DPIC -DPIC conftest.c >&5
configure:7435: $? = 0
configure:7448: result: yes
configure:7472: checking if gcc static flag -static works
configure:7500: result: yes
configure:7515: checking if gcc supports -c -o file.o
configure:7562: result: yes
configure:7570: checking if gcc supports -c -o file.o
configure:7617: result: yes
configure:7650: checking whether the gcc linker (ld) supports shared libraries
configure:8730: result: yes
configure:8969: checking dynamic linker characteristics
configure:9402: gcc -o conftest -g -O2   -Wl,-rpath -Wl,/foo conftest.c  >&5
configure:9408: $? = 0
configure:9412: test -z 
			 || test ! -s conftest.err
configure:9415: $? = 0
configure:9418: test -s conftest
configure:9421: $? = 0
configure:9645: result: GNU/Linux ld.so
configure:9740: checking how to hardcode library paths into programs
configure:9765: result: immediate
configure:10611: checking whether stripping libraries is possible
configure:10616: result: yes
configure:10651: checking if libtool supports shared libraries
configure:10653: result: yes
configure:10656: checking whether to build shared libraries
configure:10677: result: no
configure:10680: checking whether to build static libraries
configure:10684: result: yes
configure:10815: checking whether to enable maintainer-specific portions of Makefiles
configure:10824: result: no
configure:10854: checking whether to install libbfd
configure:10867: result: no
configure:10913: checking whether NLS is requested
configure:10919: result: yes
configure:10927: checking for catalogs to be installed
configure:10959: result:  da de es fi fr ga id nl pt_BR ro sv tr vi zh_CN da de es fi fr ga id nl pt_BR ro sv tr vi zh_CN
configure:10986: checking whether NLS is requested
configure:10995: result: yes
configure:11033: checking for msgfmt
configure:11064: result: /usr/bin/msgfmt
configure:11073: checking for gmsgfmt
configure:11104: result: /usr/bin/msgfmt
configure:11143: checking for xgettext
configure:11174: result: /usr/bin/xgettext
configure:11214: checking for msgmerge
configure:11244: result: /usr/bin/msgmerge
configure:11335: checking for a BSD-compatible install
configure:11401: result: /usr/bin/install -c
configure:11421: checking for string.h
configure:11426: result: yes
configure:11421: checking for strings.h
configure:11426: result: yes
configure:11421: checking for stdlib.h
configure:11426: result: yes
configure:11421: checking for limits.h
configure:11426: result: yes
configure:11567: checking whether basename is declared
configure:11621: result: yes
configure:11637: checking whether stpcpy is declared
configure:11691: result: yes
configure:12073: creating ./config.status

## ---------------------- ##
## Running config.status. ##
## ---------------------- ##

This file was extended by config.status, which was
generated by GNU Autoconf 2.59.  Invocation command line was

  CONFIG_FILES    = 
  CONFIG_HEADERS  = 
  CONFIG_LINKS    = 
  CONFIG_COMMANDS = 
  $ ./config.status 

on ubuntu

config.status:939: creating Makefile
config.status:939: creating po/Makefile.in
config.status:1036: creating config.h
config.status:1172: config.h is unchanged
config.status:1352: executing depfiles commands
config.status:1352: executing libtool commands
config.status:1352: executing default-1 commands

## ---------------- ##
## Cache variables. ##
## ---------------- ##

ac_cv_build=i686-pc-linux-gnu
ac_cv_build_alias=i686-pc-linux-gnu
ac_cv_c_compiler_gnu=yes
ac_cv_env_CC_set=set
ac_cv_env_CC_value=gcc
ac_cv_env_CFLAGS_set=set
ac_cv_env_CFLAGS_value='-g -O2'
ac_cv_env_CPPFLAGS_set=
ac_cv_env_CPPFLAGS_value=
ac_cv_env_CPP_set=
ac_cv_env_CPP_value=
ac_cv_env_LDFLAGS_set=set
ac_cv_env_LDFLAGS_value=
ac_cv_env_build_alias_set=set
ac_cv_env_build_alias_value=i686-pc-linux-gnu
ac_cv_env_host_alias_set=set
ac_cv_env_host_alias_value=i686-pc-linux-gnu
ac_cv_env_target_alias_set=set
ac_cv_env_target_alias_value=mips-elf
ac_cv_exeext=
ac_cv_have_decl_basename=yes
ac_cv_have_decl_stpcpy=yes
ac_cv_header_dlfcn_h=yes
ac_cv_header_inttypes_h=yes
ac_cv_header_limits_h=yes
ac_cv_header_memory_h=yes
ac_cv_header_minix_config_h=no
ac_cv_header_stdc=yes
ac_cv_header_stdint_h=yes
ac_cv_header_stdlib_h=yes
ac_cv_header_string_h=yes
ac_cv_header_strings_h=yes
ac_cv_header_sys_stat_h=yes
ac_cv_header_sys_types_h=yes
ac_cv_header_unistd_h=yes
ac_cv_host=i686-pc-linux-gnu
ac_cv_host_alias=i686-pc-linux-gnu
ac_cv_objext=o
ac_cv_path_GMSGFMT=/usr/bin/msgfmt
ac_cv_path_MSGFMT=/usr/bin/msgfmt
ac_cv_path_MSGMERGE=/usr/bin/msgmerge
ac_cv_path_XGETTEXT=/usr/bin/xgettext
ac_cv_prog_AR=ar
ac_cv_prog_AWK=gawk
ac_cv_prog_CC=gcc
ac_cv_prog_CPP='gcc -E'
ac_cv_prog_RANLIB=ranlib
ac_cv_prog_ac_ct_STRIP=strip
ac_cv_prog_cc_g=yes
ac_cv_prog_cc_stdc=
ac_cv_prog_egrep='grep -E'
ac_cv_prog_fgrep='grep -F'
ac_cv_prog_make_make_set=yes
ac_cv_safe_to_define___extensions__=yes
ac_cv_search_strerror='none required'
ac_cv_target=mips-unknown-elf
ac_cv_target_alias=mips-elf
am_cv_CC_dependencies_compiler_type=gcc3
lt_cv_deplibs_check_method=pass_all
lt_cv_file_magic_cmd='$MAGIC_CMD'
lt_cv_file_magic_test_file=
lt_cv_ld_reload_flag=-r
lt_cv_nm_interface='BSD nm'
lt_cv_objdir=.libs
lt_cv_path_LD=ld
lt_cv_path_NM=nm
lt_cv_path_SED=/bin/sed
lt_cv_prog_compiler_c_o=yes
lt_cv_prog_compiler_rtti_exceptions=no
lt_cv_prog_gnu_ld=yes
lt_cv_sys_global_symbol_pipe='sed -n -e '\''s/^.*[	 ]\([ABCDGIRSTW][ABCDGIRSTW]*\)[	 ][	 ]*\([_A-Za-z][_A-Za-z0-9]*\)$/\1 \2 \2/p'\'''
lt_cv_sys_global_symbol_to_c_name_address='sed -n -e '\''s/^: \([^ ]*\) $/  {\"\1\", (void *) 0},/p'\'' -e '\''s/^[ABCDGIRSTW]* \([^ ]*\) \([^ ]*\)$/  {"\2", (void *) \&\2},/p'\'''
lt_cv_sys_global_symbol_to_cdecl='sed -n -e '\''s/^T .* \(.*\)$/extern int \1();/p'\'' -e '\''s/^[ABCDGIRSTW]* .* \(.*\)$/extern char \1;/p'\'''
lt_cv_sys_max_cmd_len=805306365

## ----------------- ##
## Output variables. ##
## ----------------- ##

ACLOCAL='${SHELL} /home/legal/gcc_mips/src/binutils-2.19.1/missing --run aclocal-1.9'
AMDEPBACKSLASH='\'
AMDEP_FALSE='#'
AMDEP_TRUE=''
AMTAR='${SHELL} /home/legal/gcc_mips/src/binutils-2.19.1/missing --run tar'
AR='ar'
AUTOCONF='${SHELL} /home/legal/gcc_mips/src/binutils-2.19.1/missing --run autoconf'
AUTOHEADER='${SHELL} /home/legal/gcc_mips/src/binutils-2.19.1/missing --run autoheader'
AUTOMAKE='${SHELL} /home/legal/gcc_mips/src/binutils-2.19.1/missing --run automake-1.9'
AWK='gawk'
BFD_MACHINES=' mips-dis.lo mips-opc.lo mips16-opc.lo'
CATALOGS=' da.gmo de.gmo es.gmo fi.gmo fr.gmo ga.gmo id.gmo nl.gmo pt_BR.gmo ro.gmo sv.gmo tr.gmo vi.gmo zh_CN.gmo da.gmo de.gmo es.gmo fi.gmo fr.gmo ga.gmo id.gmo nl.gmo pt_BR.gmo ro.gmo sv.gmo tr.gmo vi.gmo zh_CN.gmo'
CATOBJEXT='.gmo'
CC='gcc'
CCDEPMODE='depmode=gcc3'
CC_FOR_BUILD='gcc'
CFLAGS='-g -O2'
CGEN_MAINT_FALSE=''
CGEN_MAINT_TRUE='#'
CPP='gcc -E'
CPPFLAGS=''
CYGPATH_W='echo'
DATADIRNAME='share'
DEFS='-DHAVE_CONFIG_H'
DEPDIR='.deps'
DUMPBIN=''
ECHO_C=''
ECHO_N='-n'
ECHO_T=''
EGREP='grep -E'
EXEEXT=''
EXEEXT_FOR_BUILD='$(EXEEXT)'
FGREP='grep -F'
GENCAT='gencat'
GMSGFMT='/usr/bin/msgfmt'
GREP='grep'
HDEFINES=''
INCINTL=''
INSTALL_DATA='/usr/bin/install -c -m 644'
INSTALL_LIBBFD_FALSE=''
INSTALL_LIBBFD_TRUE='#'
INSTALL_PROGRAM='/usr/bin/install -c'
INSTALL_SCRIPT='/usr/bin/install -c'
INSTALL_STRIP_PROGRAM='${SHELL} $(install_sh) -c -s'
INSTOBJEXT='.mo'
LD='ld'
LDFLAGS=''
LIBINTL=''
LIBINTL_DEP=''
LIBOBJS=''
LIBS=''
LIBTOOL='$(SHELL) $(top_builddir)/libtool'
LN_S='ln -s'
LTLIBOBJS=''
MAINT='#'
MAINTAINER_MODE_FALSE=''
MAINTAINER_MODE_TRUE='#'
MAKEINFO='makeinfo --split-size=5000000'
MKINSTALLDIRS='$(top_builddir)/../../opcodes/../mkinstalldirs'
MSGFMT='/usr/bin/msgfmt'
MSGMERGE='/usr/bin/msgmerge'
NM='nm'
NO_WERROR='-Wno-error'
OBJEXT='o'
PACKAGE='opcodes'
PACKAGE_BUGREPORT=''
PACKAGE_NAME=''
PACKAGE_STRING=''
PACKAGE_TARNAME=''
PACKAGE_VERSION=''
PATH_SEPARATOR=':'
POSUB='po'
RANLIB='ranlib'
SED='/bin/sed'
SET_MAKE=''
SHARED_DEPENDENCIES=''
SHARED_LDFLAGS=''
SHARED_LIBADD=''
SHELL='/bin/bash'
STRIP='strip'
USE_NLS='yes'
VERSION='2.19.1'
WARN_CFLAGS='-W -Wall -Wstrict-prototypes -Wmissing-prototypes -Werror'
XGETTEXT='/usr/bin/xgettext'
ac_ct_AR=''
ac_ct_CC=''
ac_ct_DUMPBIN=''
ac_ct_RANLIB=''
ac_ct_STRIP='strip'
am__fastdepCC_FALSE='#'
am__fastdepCC_TRUE=''
am__include='include'
am__leading_dot='.'
am__quote=''
am__tar='${AMTAR} chof - "$$tardir"'
am__untar='${AMTAR} xf -'
archdefs=' -DARCH_mips'
bfdincludedir='$(exec_prefix)/$(host_noncanonical)/$(target_noncanonical)/include'
bfdlibdir='$(exec_prefix)/$(host_noncanonical)/$(target_noncanonical)/lib'
bindir='${exec_prefix}/bin'
build='i686-pc-linux-gnu'
build_alias='i686-pc-linux-gnu'
build_cpu='i686'
build_os='linux-gnu'
build_vendor='pc'
cgendir='$(srcdir)/../cgen'
datadir='${prefix}/share'
exec_prefix='${prefix}'
host='i686-pc-linux-gnu'
host_alias='i686-pc-linux-gnu'
host_cpu='i686'
host_noncanonical='i686-pc-linux-gnu'
host_os='linux-gnu'
host_vendor='pc'
includedir='${prefix}/include'
infodir='${prefix}/info'
install_sh='/home/legal/gcc_mips/src/binutils-2.19.1/install-sh'
libdir='${exec_prefix}/lib'
libexecdir='${exec_prefix}/libexec'
localstatedir='${prefix}/var'
lt_ECHO='echo'
mandir='${prefix}/man'
mkdir_p='mkdir -p --'
oldincludedir='/usr/include'
prefix='/home/legal/gcc_mips/gnu_toolchain-1.5.4-Linux-i686'
program_transform_name='s,^,mips-elf-,'
sbindir='${exec_prefix}/sbin'
sharedstatedir='${prefix}/com'
sysconfdir='${prefix}/etc'
target='mips-unknown-elf'
target_alias='mips-elf'
target_cpu='mips'
target_noncanonical='mips-elf'
target_os='elf'
target_vendor='unknown'

## ----------- ##
## confdefs.h. ##
## ----------- ##

#define ENABLE_NLS 1
#define HAVE_DECL_BASENAME 1
#define HAVE_DECL_STPCPY 1
#define HAVE_DLFCN_H 1
#define HAVE_INTTYPES_H 1
#define HAVE_LIMITS_H 1
#define HAVE_MEMORY_H 1
#define HAVE_STDINT_H 1
#define HAVE_STDLIB_H 1
#define HAVE_STDLIB_H 1
#define HAVE_STRINGS_H 1
#define HAVE_STRINGS_H 1
#define HAVE_STRING_H 1
#define HAVE_STRING_H 1
#define HAVE_SYS_STAT_H 1
#define HAVE_SYS_TYPES_H 1
#define HAVE_UNISTD_H 1
#define LT_OBJDIR ".libs/"
#define PACKAGE "opcodes"
#define PACKAGE_BUGREPORT ""
#define PACKAGE_NAME ""
#define PACKAGE_STRING ""
#define PACKAGE_TARNAME ""
#define PACKAGE_VERSION ""
#define STDC_HEADERS 1
#define VERSION "2.19.1"
#define _ALL_SOURCE 1
#define _GNU_SOURCE 1
#define _GNU_SOURCE 1
#define _POSIX_PTHREAD_SEMANTICS 1
#define _TANDEM_SOURCE 1
#define __EXTENSIONS__ 1

configure: exit 0
