This file contains any messages produced by compilers while
running configure, to aid debugging if configure makes a mistake.

It was created by configure, which was
generated by GNU Autoconf 2.59.  Invocation command line was

  $ /home/legal/gcc_mips/src/binutils-2.19.1/gas/configure --cache-file=./config.cache --with-gnu-as --with-gnu-ld --with-stabs --prefix=/home/legal/gcc_mips/gnu_toolchain-1.5.4-Linux-i686 --program-transform-name=s,^,mips-elf-, --build=i686-pc-linux-gnu --host=i686-pc-linux-gnu --target=mips-elf --srcdir=../../gas

## --------- ##
## Platform. ##
## --------- ##

hostname = ubuntu
uname -m = i686
uname -r = 2.6.32-50-generic
uname -s = Linux
uname -v = #112-Ubuntu SMP Tue Jul 9 20:29:14 UTC 2013

/usr/bin/uname -p = unknown
/bin/uname -X     = unknown

/bin/arch              = unknown
/usr/bin/arch -k       = unknown
/usr/convex/getsysinfo = unknown
hostinfo               = unknown
/bin/machine           = unknown
/usr/bin/oslevel       = unknown
/bin/universe          = unknown

PATH: /usr/local/sbin
PATH: /usr/local/bin
PATH: /usr/sbin
PATH: /usr/bin
PATH: /sbin
PATH: /bin
PATH: /usr/games
PATH: /usr/synopsys/Z-2007.03-SP5/bin
PATH: /opt/intel/cc/10.1.018/bin
PATH: /opt/gcc_mips/bin
PATH: /opt/Xilinx/13.1/ISE_DS/ISE/bin/lin
PATH: /usr/synopsys/D-2010.03-SP4/bin
PATH: /opt/gaisler/tsim-eval/tsim/linux
PATH: /opt/ecos/ecostools/linux
PATH: /home/legal/gnu_mips/tools/mips-elf/bin
PATH: /home/legal/gnu_mips/tools/mips-elf/bin


## ----------- ##
## Core tests. ##
## ----------- ##

configure:1387: loading cache ./config.cache
configure:1522: checking build system type
configure:1540: result: i686-pc-linux-gnu
configure:1548: checking host system type
configure:1562: result: i686-pc-linux-gnu
configure:1570: checking target system type
configure:1584: result: mips-unknown-elf
configure:1606: checking for i686-pc-linux-gnu-gcc
configure:1632: result: gcc
configure:1916: checking for C compiler version
configure:1919: gcc --version </dev/null >&5
gcc (Ubuntu 4.4.3-4ubuntu5.1) 4.4.3
Copyright (C) 2009 Free Software Foundation, Inc.
This is free software; see the source for copying conditions.  There is NO
warranty; not even for MERCHANTABILITY or FITNESS FOR A PARTICULAR PURPOSE.

configure:1922: $? = 0
configure:1924: gcc -v </dev/null >&5
Using built-in specs.
Target: i486-linux-gnu
Configured with: ../src/configure -v --with-pkgversion='Ubuntu 4.4.3-4ubuntu5.1' --with-bugurl=file:///usr/share/doc/gcc-4.4/README.Bugs --enable-languages=c,c++,fortran,objc,obj-c++ --prefix=/usr --enable-shared --enable-multiarch --enable-linker-build-id --with-system-zlib --libexecdir=/usr/lib --without-included-gettext --enable-threads=posix --with-gxx-include-dir=/usr/include/c++/4.4 --program-suffix=-4.4 --enable-nls --enable-clocale=gnu --enable-libstdcxx-debug --enable-plugin --enable-objc-gc --enable-targets=all --disable-werror --with-arch-32=i486 --with-tune=generic --enable-checking=release --build=i486-linux-gnu --host=i486-linux-gnu --target=i486-linux-gnu
Thread model: posix
gcc version 4.4.3 (Ubuntu 4.4.3-4ubuntu5.1) 
configure:1927: $? = 0
configure:1929: gcc -V </dev/null >&5
gcc: '-V' option must have argument
configure:1932: $? = 1
configure:1955: checking for C compiler default output file name
configure:1958: gcc -g -O2   conftest.c  >&5
configure:1961: $? = 0
configure:2009: result: a.out
configure:2014: checking whether the C compiler works
configure:2020: ./a.out
configure:2023: $? = 0
configure:2042: result: yes
configure:2049: checking whether we are cross compiling
configure:2051: result: no
configure:2054: checking for suffix of executables
configure:2056: gcc -o conftest -g -O2   conftest.c  >&5
configure:2059: $? = 0
configure:2086: result: 
configure:2092: checking for suffix of object files
configure:2140: result: o
configure:2144: checking whether we are using the GNU C compiler
configure:2200: result: yes
configure:2206: checking whether gcc accepts -g
configure:2257: result: yes
configure:2274: checking for gcc option to accept ANSI C
configure:2381: result: none needed
configure:2399: gcc -c -g -O2  conftest.c >&5
conftest.c:2: error: expected '=', ',', ';', 'asm' or '__attribute__' before 'me'
configure:2405: $? = 1
configure: failed program was:
| #ifndef __cplusplus
|   choke me
| #endif
configure:2539: checking for library containing strerror
configure:2658: result: none required
configure:2682: checking for a BSD-compatible install
configure:2748: result: /usr/bin/install -c
configure:2759: checking whether build environment is sane
configure:2802: result: yes
configure:2867: checking for gawk
configure:2893: result: gawk
configure:2903: checking whether make sets $(MAKE)
configure:2923: result: yes
configure:2953: checking for style of include used by make
configure:2981: result: GNU
configure:3157: checking dependency style of gcc
configure:3247: result: gcc3
configure:3274: checking for i686-pc-linux-gnu-gcc
configure:3300: result: gcc
configure:3584: checking for C compiler version
configure:3587: gcc --version </dev/null >&5
gcc (Ubuntu 4.4.3-4ubuntu5.1) 4.4.3
Copyright (C) 2009 Free Software Foundation, Inc.
This is free software; see the source for copying conditions.  There is NO
warranty; not even for MERCHANTABILITY or FITNESS FOR A PARTICULAR PURPOSE.

configure:3590: $? = 0
configure:3592: gcc -v </dev/null >&5
Using built-in specs.
Target: i486-linux-gnu
Configured with: ../src/configure -v --with-pkgversion='Ubuntu 4.4.3-4ubuntu5.1' --with-bugurl=file:///usr/share/doc/gcc-4.4/README.Bugs --enable-languages=c,c++,fortran,objc,obj-c++ --prefix=/usr --enable-shared --enable-multiarch --enable-linker-build-id --with-system-zlib --libexecdir=/usr/lib --without-included-gettext --enable-threads=posix --with-gxx-include-dir=/usr/include/c++/4.4 --program-suffix=-4.4 --enable-nls --enable-clocale=gnu --enable-libstdcxx-debug --enable-plugin --enable-objc-gc --enable-targets=all --disable-werror --with-arch-32=i486 --with-tune=generic --enable-checking=release --build=i486-linux-gnu --host=i486-linux-gnu --target=i486-linux-gnu
Thread model: posix
gcc version 4.4.3 (Ubuntu 4.4.3-4ubuntu5.1) 
configure:3595: $? = 0
configure:3597: gcc -V </dev/null >&5
gcc: '-V' option must have argument
configure:3600: $? = 1
configure:3603: checking whether we are using the GNU C compiler
configure:3659: result: yes
configure:3665: checking whether gcc accepts -g
configure:3716: result: yes
configure:3733: checking for gcc option to accept ANSI C
configure:3840: result: none needed
configure:3858: gcc -c -g -O2  conftest.c >&5
conftest.c:2: error: expected '=', ',', ';', 'asm' or '__attribute__' before 'me'
configure:3864: $? = 1
configure: failed program was:
| #ifndef __cplusplus
|   choke me
| #endif
configure:4008: checking how to run the C preprocessor
configure:4126: result: gcc -E
configure:4150: gcc -E  conftest.c
configure:4156: $? = 0
configure:4188: gcc -E  conftest.c
conftest.c:12:28: error: ac_nonexistent.h: No such file or directory
configure:4194: $? = 1
configure: failed program was:
| /* confdefs.h.  */
| 
| #define PACKAGE_NAME ""
| #define PACKAGE_TARNAME ""
| #define PACKAGE_VERSION ""
| #define PACKAGE_STRING ""
| #define PACKAGE_BUGREPORT ""
| #define PACKAGE "gas"
| #define VERSION "2.19.1"
| #define _GNU_SOURCE 1
| /* end confdefs.h.  */
| #include <ac_nonexistent.h>
configure:4240: checking for egrep
configure:4250: result: grep -E
configure:4255: checking for ANSI C header files
configure:4411: result: yes
configure:4435: checking for sys/types.h
configure:4481: result: yes
configure:4435: checking for sys/stat.h
configure:4481: result: yes
configure:4435: checking for stdlib.h
configure:4481: result: yes
configure:4435: checking for string.h
configure:4481: result: yes
configure:4435: checking for memory.h
configure:4481: result: yes
configure:4435: checking for strings.h
configure:4481: result: yes
configure:4435: checking for inttypes.h
configure:4481: result: yes
configure:4435: checking for stdint.h
configure:4481: result: yes
configure:4435: checking for unistd.h
configure:4481: result: yes
configure:4495: checking for minix/config.h
configure:4500: result: no
configure:4658: checking whether it is safe to define __EXTENSIONS__
configure:4711: result: yes
configure:4872: checking for a sed that does not truncate output
configure:4928: result: /bin/sed
configure:4944: checking for fgrep
configure:4954: result: grep -F
configure:4989: checking for ld used by gcc
configure:5056: result: ld
configure:5065: checking if the linker (ld) is GNU ld
configure:5080: result: yes
configure:5093: checking for BSD- or MS-compatible name lister (nm)
configure:5142: result: nm
configure:5247: checking the name lister (nm) interface
configure:5267: result: BSD nm
configure:5270: checking whether ln -s works
configure:5274: result: yes
configure:5282: checking the maximum length of command line arguments
configure:5402: result: 805306365
configure:5420: checking whether the shell understands some XSI constructs
configure:5428: result: yes
configure:5432: checking whether the shell understands "+="
configure:5438: result: yes
configure:5473: checking for ld option to reload object files
configure:5480: result: -r
configure:5507: checking how to recognize dependent libraries
configure:5697: result: pass_all
configure:5717: checking for i686-pc-linux-gnu-ar
configure:5743: result: ar
configure:5810: checking for i686-pc-linux-gnu-strip
configure:5839: result: no
configure:5848: checking for strip
configure:5875: result: strip
configure:5897: checking for i686-pc-linux-gnu-ranlib
configure:5923: result: ranlib
configure:6042: checking command to parse nm output from gcc object
configure:6264: result: ok
configure:6505: checking for dlfcn.h
configure:6551: result: yes
configure:6613: checking for objdir
configure:6628: result: .libs
configure:6924: checking if gcc supports -fno-rtti -fno-exceptions
configure:6959: result: no
configure:6979: checking for gcc option to produce PIC
configure:7234: result: -fPIC -DPIC
configure:7246: checking if gcc PIC flag -fPIC -DPIC works
configure:7264: gcc -c -g -O2  -fPIC -DPIC -DPIC conftest.c >&5
configure:7268: $? = 0
configure:7281: result: yes
configure:7305: checking if gcc static flag -static works
configure:7333: result: yes
configure:7348: checking if gcc supports -c -o file.o
configure:7395: result: yes
configure:7403: checking if gcc supports -c -o file.o
configure:7450: result: yes
configure:7483: checking whether the gcc linker (ld) supports shared libraries
configure:8563: result: yes
configure:8600: checking whether -lc should be explicitly linked in
configure:8605: gcc -c -g -O2  conftest.c >&5
configure:8608: $? = 0
configure:8623: gcc -shared conftest.o  -v -Wl,-soname -Wl,conftest -o conftest 2\>\&1 \| grep  -lc  \>/dev/null 2\>\&1
configure:8626: $? = 0
configure:8638: result: no
configure:8802: checking dynamic linker characteristics
configure:9235: gcc -o conftest -g -O2   -Wl,-rpath -Wl,/foo conftest.c  >&5
configure:9241: $? = 0
configure:9245: test -z 
			 || test ! -s conftest.err
configure:9248: $? = 0
configure:9251: test -s conftest
configure:9254: $? = 0
configure:9478: result: GNU/Linux ld.so
configure:9573: checking how to hardcode library paths into programs
configure:9598: result: immediate
configure:10444: checking whether stripping libraries is possible
configure:10449: result: yes
configure:10484: checking if libtool supports shared libraries
configure:10486: result: yes
configure:10489: checking whether to build shared libraries
configure:10510: result: yes
configure:10513: checking whether to build static libraries
configure:10517: result: yes
configure:10682: checking whether byte ordering is bigendian
configure:10893: result: no
configure:11611: checking for bison
configure:11637: result: /home/legal/gcc_mips/src/binutils-2.19.1/missing bison -y
configure:11652: checking for flex
configure:11678: result: /home/legal/gcc_mips/src/binutils-2.19.1/missing flex
configure:11691: checking for yywrap in -lfl
configure:11753: result: no
configure:11758: checking for yywrap in -ll
configure:11820: result: no
configure:11831: checking lex output file root
configure:11857: result: lex.yy
configure:11862: checking whether yytext is a pointer
configure:11911: result: yes
configure:11940: checking whether NLS is requested
configure:11946: result: yes
configure:11954: checking for catalogs to be installed
configure:11986: result:  es fr rw tr es fr rw tr
configure:12013: checking whether NLS is requested
configure:12022: result: yes
configure:12060: checking for msgfmt
configure:12091: result: /usr/bin/msgfmt
configure:12100: checking for gmsgfmt
configure:12131: result: /usr/bin/msgfmt
configure:12170: checking for xgettext
configure:12201: result: /usr/bin/xgettext
configure:12241: checking for msgmerge
configure:12271: result: /usr/bin/msgmerge
configure:12307: checking whether to enable maintainer-specific portions of Makefiles
configure:12316: result: no
configure:12357: checking for string.h
configure:12362: result: yes
configure:12357: checking for stdlib.h
configure:12362: result: yes
configure:12357: checking for memory.h
configure:12362: result: yes
configure:12357: checking for strings.h
configure:12362: result: yes
configure:12357: checking for unistd.h
configure:12362: result: yes
configure:12357: checking for stdarg.h
configure:12362: result: yes
configure:12357: checking for varargs.h
configure:12362: result: no
configure:12357: checking for errno.h
configure:12362: result: yes
configure:12357: checking for sys/types.h
configure:12362: result: yes
configure:12357: checking for limits.h
configure:12362: result: yes
configure:12505: checking whether compiling a cross-assembler
configure:12517: result: yes
configure:12522: checking for working alloca.h
configure:12574: result: yes
configure:12584: checking for alloca
configure:12656: result: yes
configure:12879: checking for inline
configure:12931: result: inline
configure:12957: checking for unlink
configure:13045: result: yes
configure:13061: checking for sbrk
configure:13149: result: yes
configure:13386: checking for working assert macro
configure:13447: result: yes
configure:13481: checking whether declaration is required for errno
configure:13541: result: no
configure:13552: checking for a known getopt prototype in unistd.h
configure:13604: result: yes
configure:13615: checking whether declaration is required for environ
configure:13671: result: no
configure:13682: checking whether declaration is required for ffs
configure:13738: result: no
configure:13749: checking whether declaration is required for free
configure:13805: result: no
configure:13816: checking whether declaration is required for malloc
configure:13872: result: no
configure:13883: checking whether declaration is required for sbrk
configure:13939: result: no
configure:13950: checking whether declaration is required for strstr
configure:14006: result: no
configure:14017: checking whether vsnprintf is declared
configure:14071: result: yes
configure:14234: creating ./config.status

## ---------------------- ##
## Running config.status. ##
## ---------------------- ##

This file was extended by config.status, which was
generated by GNU Autoconf 2.59.  Invocation command line was

  CONFIG_FILES    = 
  CONFIG_HEADERS  = 
  CONFIG_LINKS    = 
  CONFIG_COMMANDS = 
  $ ./config.status 

on ubuntu

config.status:950: creating .gdbinit
config.status:950: creating Makefile
config.status:950: creating doc/Makefile
config.status:950: creating po/Makefile.in
config.status:1047: creating config.h
config.status:1249: config.h is unchanged
config.status:1429: executing depfiles commands
config.status:1429: executing libtool commands
config.status:1429: executing default-1 commands
config.status:1429: executing default commands

## ---------------- ##
## Cache variables. ##
## ---------------- ##

ac_cv_build=i686-pc-linux-gnu
ac_cv_build_alias=i686-pc-linux-gnu
ac_cv_c_bigendian=no
ac_cv_c_compiler_gnu=yes
ac_cv_c_inline=inline
ac_cv_env_CC_set=set
ac_cv_env_CC_value=gcc
ac_cv_env_CFLAGS_set=set
ac_cv_env_CFLAGS_value='-g -O2'
ac_cv_env_CPPFLAGS_set=
ac_cv_env_CPPFLAGS_value=
ac_cv_env_CPP_set=
ac_cv_env_CPP_value=
ac_cv_env_LDFLAGS_set=set
ac_cv_env_LDFLAGS_value=
ac_cv_env_build_alias_set=set
ac_cv_env_build_alias_value=i686-pc-linux-gnu
ac_cv_env_host_alias_set=set
ac_cv_env_host_alias_value=i686-pc-linux-gnu
ac_cv_env_target_alias_set=set
ac_cv_env_target_alias_value=mips-elf
ac_cv_exeext=
ac_cv_func_alloca_works=yes
ac_cv_func_sbrk=yes
ac_cv_func_unlink=yes
ac_cv_have_decl_vsnprintf=yes
ac_cv_header_dlfcn_h=yes
ac_cv_header_errno_h=yes
ac_cv_header_inttypes_h=yes
ac_cv_header_limits_h=yes
ac_cv_header_memory_h=yes
ac_cv_header_minix_config_h=no
ac_cv_header_stdarg_h=yes
ac_cv_header_stdc=yes
ac_cv_header_stdint_h=yes
ac_cv_header_stdlib_h=yes
ac_cv_header_string_h=yes
ac_cv_header_strings_h=yes
ac_cv_header_sys_stat_h=yes
ac_cv_header_sys_types_h=yes
ac_cv_header_unistd_h=yes
ac_cv_header_varargs_h=no
ac_cv_host=i686-pc-linux-gnu
ac_cv_host_alias=i686-pc-linux-gnu
ac_cv_lib_fl_yywrap=no
ac_cv_lib_l_yywrap=no
ac_cv_objext=o
ac_cv_path_GMSGFMT=/usr/bin/msgfmt
ac_cv_path_MSGFMT=/usr/bin/msgfmt
ac_cv_path_MSGMERGE=/usr/bin/msgmerge
ac_cv_path_XGETTEXT=/usr/bin/xgettext
ac_cv_prog_AR=ar
ac_cv_prog_AWK=gawk
ac_cv_prog_CC=gcc
ac_cv_prog_CPP='gcc -E'
ac_cv_prog_LEX='/home/legal/gcc_mips/src/binutils-2.19.1/missing flex'
ac_cv_prog_RANLIB=ranlib
ac_cv_prog_YACC='/home/legal/gcc_mips/src/binutils-2.19.1/missing bison -y'
ac_cv_prog_ac_ct_STRIP=strip
ac_cv_prog_cc_g=yes
ac_cv_prog_cc_stdc=
ac_cv_prog_egrep='grep -E'
ac_cv_prog_fgrep='grep -F'
ac_cv_prog_lex_root=lex.yy
ac_cv_prog_lex_yytext_pointer=yes
ac_cv_prog_make_make_set=yes
ac_cv_safe_to_define___extensions__=yes
ac_cv_search_strerror='none required'
ac_cv_target=mips-unknown-elf
ac_cv_target_alias=mips-elf
ac_cv_working_alloca_h=yes
am_cv_CC_dependencies_compiler_type=gcc3
gas_cv_assert_ok=yes
gas_cv_decl_getopt_unistd_h=yes
gas_cv_decl_needed_environ=no
gas_cv_decl_needed_errno=no
gas_cv_decl_needed_ffs=no
gas_cv_decl_needed_free=no
gas_cv_decl_needed_malloc=no
gas_cv_decl_needed_sbrk=no
gas_cv_decl_needed_strstr=no
lt_cv_deplibs_check_method=pass_all
lt_cv_file_magic_cmd='$MAGIC_CMD'
lt_cv_file_magic_test_file=
lt_cv_ld_reload_flag=-r
lt_cv_nm_interface='BSD nm'
lt_cv_objdir=.libs
lt_cv_path_LD=ld
lt_cv_path_NM=nm
lt_cv_path_SED=/bin/sed
lt_cv_prog_compiler_c_o=yes
lt_cv_prog_compiler_rtti_exceptions=no
lt_cv_prog_gnu_ld=yes
lt_cv_sys_global_symbol_pipe='sed -n -e '\''s/^.*[	 ]\([ABCDGIRSTW][ABCDGIRSTW]*\)[	 ][	 ]*\([_A-Za-z][_A-Za-z0-9]*\)$/\1 \2 \2/p'\'''
lt_cv_sys_global_symbol_to_c_name_address='sed -n -e '\''s/^: \([^ ]*\) $/  {\"\1\", (void *) 0},/p'\'' -e '\''s/^[ABCDGIRSTW]* \([^ ]*\) \([^ ]*\)$/  {"\2", (void *) \&\2},/p'\'''
lt_cv_sys_global_symbol_to_cdecl='sed -n -e '\''s/^T .* \(.*\)$/extern int \1();/p'\'' -e '\''s/^[ABCDGIRSTW]* .* \(.*\)$/extern char \1;/p'\'''
lt_cv_sys_max_cmd_len=805306365

## ----------------- ##
## Output variables. ##
## ----------------- ##

ACLOCAL='${SHELL} /home/legal/gcc_mips/src/binutils-2.19.1/missing --run aclocal-1.9'
ALLOCA=''
AMDEPBACKSLASH='\'
AMDEP_FALSE='#'
AMDEP_TRUE=''
AMTAR='${SHELL} /home/legal/gcc_mips/src/binutils-2.19.1/missing --run tar'
AR='ar'
AUTOCONF='${SHELL} /home/legal/gcc_mips/src/binutils-2.19.1/missing --run autoconf'
AUTOHEADER='${SHELL} /home/legal/gcc_mips/src/binutils-2.19.1/missing --run autoheader'
AUTOMAKE='${SHELL} /home/legal/gcc_mips/src/binutils-2.19.1/missing --run automake-1.9'
AWK='gawk'
CATALOGS=' es.gmo fr.gmo rw.gmo tr.gmo es.gmo fr.gmo rw.gmo tr.gmo'
CATOBJEXT='.gmo'
CC='gcc'
CCDEPMODE='depmode=gcc3'
CFLAGS='-g -O2'
CPP='gcc -E'
CPPFLAGS=''
CYGPATH_W='echo'
DATADIRNAME='share'
DEFS='-DHAVE_CONFIG_H'
DEPDIR='.deps'
DUMPBIN=''
ECHO_C=''
ECHO_N='-n'
ECHO_T=''
EGREP='grep -E'
EXEEXT=''
FGREP='grep -F'
GDBINIT='.gdbinit'
GENCAT='gencat'
GENINSRC_NEVER_FALSE=''
GENINSRC_NEVER_TRUE='#'
GMSGFMT='/usr/bin/msgfmt'
GREP='grep'
INCINTL=''
INSTALL_DATA='/usr/bin/install -c -m 644'
INSTALL_PROGRAM='/usr/bin/install -c'
INSTALL_SCRIPT='/usr/bin/install -c'
INSTALL_STRIP_PROGRAM='${SHELL} $(install_sh) -c -s'
INSTOBJEXT='.mo'
LD='ld'
LDFLAGS=''
LEX='/home/legal/gcc_mips/src/binutils-2.19.1/missing flex'
LEXLIB=''
LEX_OUTPUT_ROOT='lex.yy'
LIBINTL=''
LIBINTL_DEP=''
LIBM=''
LIBOBJS=''
LIBS=''
LIBTOOL='$(SHELL) $(top_builddir)/libtool'
LN_S='ln -s'
LTLIBOBJS=''
MAINT='#'
MAINTAINER_MODE_FALSE=''
MAINTAINER_MODE_TRUE='#'
MAKEINFO='makeinfo --split-size=5000000'
MKINSTALLDIRS='$(top_builddir)/../../gas/../mkinstalldirs'
MSGFMT='/usr/bin/msgfmt'
MSGMERGE='/usr/bin/msgmerge'
NM='nm'
NO_WERROR='-Wno-error'
OBJEXT='o'
OPCODES_LIB='../opcodes/libopcodes.la'
PACKAGE='gas'
PACKAGE_BUGREPORT=''
PACKAGE_NAME=''
PACKAGE_STRING=''
PACKAGE_TARNAME=''
PACKAGE_VERSION=''
PATH_SEPARATOR=':'
POSUB='po'
RANLIB='ranlib'
SED='/bin/sed'
SET_MAKE=''
SHELL='/bin/bash'
STRIP='strip'
USE_NLS='yes'
VERSION='2.19.1'
WARN_CFLAGS='-W -Wall -Wstrict-prototypes -Wmissing-prototypes -Werror'
XGETTEXT='/usr/bin/xgettext'
YACC='/home/legal/gcc_mips/src/binutils-2.19.1/missing bison -y'
ac_ct_AR=''
ac_ct_CC=''
ac_ct_DUMPBIN=''
ac_ct_RANLIB=''
ac_ct_STRIP='strip'
am__fastdepCC_FALSE='#'
am__fastdepCC_TRUE=''
am__include='include'
am__leading_dot='.'
am__quote=''
am__tar='${AMTAR} chof - "$$tardir"'
am__untar='${AMTAR} xf -'
atof='ieee'
bindir='${exec_prefix}/bin'
build='i686-pc-linux-gnu'
build_alias='i686-pc-linux-gnu'
build_cpu='i686'
build_os='linux-gnu'
build_vendor='pc'
cgen_cpu_prefix=''
datadir='${prefix}/share'
datarootdir='/home/legal/gcc_mips/gnu_toolchain-1.5.4-Linux-i686/share'
docdir='/home/legal/gcc_mips/gnu_toolchain-1.5.4-Linux-i686/share/doc'
exec_prefix='${prefix}'
extra_objects=' itbl-parse.o itbl-lex.o itbl-ops.o  e-mipself.o'
host='i686-pc-linux-gnu'
host_alias='i686-pc-linux-gnu'
host_cpu='i686'
host_os='linux-gnu'
host_vendor='pc'
htmldir='/home/legal/gcc_mips/gnu_toolchain-1.5.4-Linux-i686/share/doc'
includedir='${prefix}/include'
infodir='${prefix}/info'
install_sh='/home/legal/gcc_mips/src/binutils-2.19.1/install-sh'
install_tooldir='install-exec-tooldir'
libdir='${exec_prefix}/lib'
libexecdir='${exec_prefix}/libexec'
localstatedir='${prefix}/var'
lt_ECHO='echo'
mandir='${prefix}/man'
mkdir_p='mkdir -p --'
obj_format='elf'
oldincludedir='/usr/include'
prefix='/home/legal/gcc_mips/gnu_toolchain-1.5.4-Linux-i686'
program_transform_name='s,^,mips-elf-,'
sbindir='${exec_prefix}/sbin'
sharedstatedir='${prefix}/com'
sysconfdir='${prefix}/etc'
target='mips-unknown-elf'
target_alias='mips-elf'
target_cpu='mips'
target_cpu_type='mips'
target_os='elf'
target_vendor='unknown'
te_file='generic'

## ----------- ##
## confdefs.h. ##
## ----------- ##

#define CROSS_COMPILE 1
#define DEFAULT_EMULATION "mipsbelf"
#define EMULATIONS  &mipsbelf, &mipslelf, &mipself,
#define ENABLE_NLS 1
#define HAVE_ALLOCA 1
#define HAVE_ALLOCA_H 1
#define HAVE_DECL_GETOPT 1
#define HAVE_DECL_VSNPRINTF 1
#define HAVE_DLFCN_H 1
#define HAVE_ERRNO_H 1
#define HAVE_INTTYPES_H 1
#define HAVE_LIMITS_H 1
#define HAVE_MEMORY_H 1
#define HAVE_MEMORY_H 1
#define HAVE_SBRK 1
#define HAVE_STDARG_H 1
#define HAVE_STDINT_H 1
#define HAVE_STDLIB_H 1
#define HAVE_STDLIB_H 1
#define HAVE_STRINGS_H 1
#define HAVE_STRINGS_H 1
#define HAVE_STRING_H 1
#define HAVE_STRING_H 1
#define HAVE_SYS_STAT_H 1
#define HAVE_SYS_TYPES_H 1
#define HAVE_SYS_TYPES_H 1
#define HAVE_UNISTD_H 1
#define HAVE_UNISTD_H 1
#define HAVE_UNLINK 1
#define LT_OBJDIR ".libs/"
#define MIPS_CPU_STRING_DEFAULT "from-abi"
#define MIPS_DEFAULT_64BIT 0
#define MIPS_DEFAULT_ABI NO_ABI
#define PACKAGE "gas"
#define PACKAGE_BUGREPORT ""
#define PACKAGE_NAME ""
#define PACKAGE_STRING ""
#define PACKAGE_TARNAME ""
#define PACKAGE_VERSION ""
#define STDC_HEADERS 1
#define TARGET_ALIAS "mips-elf"
#define TARGET_BYTES_BIG_ENDIAN 1
#define TARGET_CANONICAL "mips-unknown-elf"
#define TARGET_CPU "mips"
#define TARGET_OS "elf"
#define TARGET_VENDOR "unknown"
#define USE_EMULATIONS 1
#define USE_E_MIPS_ABI_O32 1
#define VERSION "2.19.1"
#define YYTEXT_POINTER 1
#define _ALL_SOURCE 1
#define _GNU_SOURCE 1
#define _GNU_SOURCE 1
#define _POSIX_PTHREAD_SEMANTICS 1
#define _TANDEM_SOURCE 1
#define __EXTENSIONS__ 1

configure: exit 0
