This file contains any messages produced by compilers while
running configure, to aid debugging if configure makes a mistake.

It was created by configure, which was
generated by GNU Autoconf 2.59.  Invocation command line was

  $ /home/legal/gcc_mips/src/binutils-2.19.1/etc/configure --cache-file=./config.cache --with-gnu-as --with-gnu-ld --with-stabs --prefix=/home/legal/gcc_mips/gnu_toolchain-1.5.4-Linux-i686 --program-transform-name=s,^,mips-elf-, --build=i686-pc-linux-gnu --host=i686-pc-linux-gnu --target=mips-elf --srcdir=../../etc

## --------- ##
## Platform. ##
## --------- ##

hostname = ubuntu
uname -m = i686
uname -r = 2.6.32-50-generic
uname -s = Linux
uname -v = #112-Ubuntu SMP Tue Jul 9 20:29:14 UTC 2013

/usr/bin/uname -p = unknown
/bin/uname -X     = unknown

/bin/arch              = unknown
/usr/bin/arch -k       = unknown
/usr/convex/getsysinfo = unknown
hostinfo               = unknown
/bin/machine           = unknown
/usr/bin/oslevel       = unknown
/bin/universe          = unknown

PATH: /usr/local/sbin
PATH: /usr/local/bin
PATH: /usr/sbin
PATH: /usr/bin
PATH: /sbin
PATH: /bin
PATH: /usr/games
PATH: /usr/synopsys/Z-2007.03-SP5/bin
PATH: /opt/intel/cc/10.1.018/bin
PATH: /opt/gcc_mips/bin
PATH: /opt/Xilinx/13.1/ISE_DS/ISE/bin/lin
PATH: /usr/synopsys/D-2010.03-SP4/bin
PATH: /opt/gaisler/tsim-eval/tsim/linux
PATH: /opt/ecos/ecostools/linux
PATH: /home/legal/gnu_mips/tools/mips-elf/bin
PATH: /home/legal/gnu_mips/tools/mips-elf/bin


## ----------- ##
## Core tests. ##
## ----------- ##

configure:1130: loading cache ./config.cache
configure:1257: checking for a BSD-compatible install
configure:1312: result: /usr/bin/install -c
configure:1456: creating ./config.status

## ---------------------- ##
## Running config.status. ##
## ---------------------- ##

This file was extended by config.status, which was
generated by GNU Autoconf 2.59.  Invocation command line was

  CONFIG_FILES    = 
  CONFIG_HEADERS  = 
  CONFIG_LINKS    = 
  CONFIG_COMMANDS = 
  $ ./config.status 

on ubuntu

config.status:635: creating Makefile

## ---------------- ##
## Cache variables. ##
## ---------------- ##

ac_cv_env_build_alias_set=set
ac_cv_env_build_alias_value=i686-pc-linux-gnu
ac_cv_env_host_alias_set=set
ac_cv_env_host_alias_value=i686-pc-linux-gnu
ac_cv_env_target_alias_set=set
ac_cv_env_target_alias_value=mips-elf

## ----------------- ##
## Output variables. ##
## ----------------- ##

DEFS='-DPACKAGE_NAME=\"\" -DPACKAGE_TARNAME=\"\" -DPACKAGE_VERSION=\"\" -DPACKAGE_STRING=\"\" -DPACKAGE_BUGREPORT=\"\" '
ECHO_C=''
ECHO_N='-n'
ECHO_T=''
INSTALL_DATA='/usr/bin/install -c -m 644'
INSTALL_PROGRAM='/usr/bin/install -c'
INSTALL_SCRIPT='/usr/bin/install -c'
LIBOBJS=''
LIBS=''
LTLIBOBJS=''
PACKAGE_BUGREPORT=''
PACKAGE_NAME=''
PACKAGE_STRING=''
PACKAGE_TARNAME=''
PACKAGE_VERSION=''
PATH_SEPARATOR=':'
SHELL='/bin/bash'
bindir='${exec_prefix}/bin'
build_alias='i686-pc-linux-gnu'
datadir='${prefix}/share'
datarootdir='/home/legal/gcc_mips/gnu_toolchain-1.5.4-Linux-i686/share'
docdir='/home/legal/gcc_mips/gnu_toolchain-1.5.4-Linux-i686/share/doc'
exec_prefix='${prefix}'
host_alias='i686-pc-linux-gnu'
htmldir='/home/legal/gcc_mips/gnu_toolchain-1.5.4-Linux-i686/share/doc'
includedir='${prefix}/include'
infodir='${prefix}/info'
libdir='${exec_prefix}/lib'
libexecdir='${exec_prefix}/libexec'
localstatedir='${prefix}/var'
mandir='${prefix}/man'
oldincludedir='/usr/include'
prefix='/home/legal/gcc_mips/gnu_toolchain-1.5.4-Linux-i686'
program_transform_name='s,^,mips-elf-,'
sbindir='${exec_prefix}/sbin'
sharedstatedir='${prefix}/com'
sysconfdir='${prefix}/etc'
target_alias='mips-elf'

## ----------- ##
## confdefs.h. ##
## ----------- ##

#define PACKAGE_BUGREPORT ""
#define PACKAGE_NAME ""
#define PACKAGE_STRING ""
#define PACKAGE_TARNAME ""
#define PACKAGE_VERSION ""

configure: exit 0
